Started GET "/" for 127.0.0.1 at 2019-04-24 10:23:13 -0300
  
ActiveRecord::PendingMigrationError (

Migrations are pending. To resolve this issue, run:

        bin/rails db:migrate RAILS_ENV=development

):
  
activerecord (5.2.3) lib/active_record/migration.rb:579:in `check_pending!'
activerecord (5.2.3) lib/active_record/migration.rb:556:in `call'
actionpack (5.2.3) lib/action_dispatch/middleware/callbacks.rb:28:in `block in call'
activesupport (5.2.3) lib/active_support/callbacks.rb:98:in `run_callbacks'
actionpack (5.2.3) lib/action_dispatch/middleware/callbacks.rb:26:in `call'
actionpack (5.2.3) lib/action_dispatch/middleware/executor.rb:14:in `call'
actionpack (5.2.3) lib/action_dispatch/middleware/debug_exceptions.rb:61:in `call'
web-console (3.7.0) lib/web_console/middleware.rb:135:in `call_app'
web-console (3.7.0) lib/web_console/middleware.rb:30:in `block in call'
web-console (3.7.0) lib/web_console/middleware.rb:20:in `catch'
web-console (3.7.0) lib/web_console/middleware.rb:20:in `call'
actionpack (5.2.3) lib/action_dispatch/middleware/show_exceptions.rb:33:in `call'
railties (5.2.3) lib/rails/rack/logger.rb:38:in `call_app'
railties (5.2.3) lib/rails/rack/logger.rb:26:in `block in call'
activesupport (5.2.3) lib/active_support/tagged_logging.rb:71:in `block in tagged'
activesupport (5.2.3) lib/active_support/tagged_logging.rb:28:in `tagged'
activesupport (5.2.3) lib/active_support/tagged_logging.rb:71:in `tagged'
railties (5.2.3) lib/rails/rack/logger.rb:26:in `call'
sprockets-rails (3.2.1) lib/sprockets/rails/quiet_assets.rb:13:in `call'
actionpack (5.2.3) lib/action_dispatch/middleware/remote_ip.rb:81:in `call'
actionpack (5.2.3) lib/action_dispatch/middleware/request_id.rb:27:in `call'
rack (2.0.7) lib/rack/method_override.rb:22:in `call'
rack (2.0.7) lib/rack/runtime.rb:22:in `call'
activesupport (5.2.3) lib/active_support/cache/strategy/local_cache_middleware.rb:29:in `call'
actionpack (5.2.3) lib/action_dispatch/middleware/executor.rb:14:in `call'
actionpack (5.2.3) lib/action_dispatch/middleware/static.rb:127:in `call'
rack (2.0.7) lib/rack/sendfile.rb:111:in `call'
railties (5.2.3) lib/rails/engine.rb:524:in `call'
puma (3.12.1) lib/puma/configuration.rb:227:in `call'
puma (3.12.1) lib/puma/server.rb:660:in `handle_request'
puma (3.12.1) lib/puma/server.rb:474:in `process_client'
puma (3.12.1) lib/puma/server.rb:334:in `block in run'
puma (3.12.1) lib/puma/thread_pool.rb:135:in `block in spawn_thread'
Started GET "/Trabalho1-Programacao-Web" for 127.0.0.1 at 2019-04-24 10:29:26 -0300
  
ActiveRecord::PendingMigrationError (

Migrations are pending. To resolve this issue, run:

        bin/rails db:migrate RAILS_ENV=development

):
  
activerecord (5.2.3) lib/active_record/migration.rb:579:in `check_pending!'
activerecord (5.2.3) lib/active_record/migration.rb:556:in `call'
actionpack (5.2.3) lib/action_dispatch/middleware/callbacks.rb:28:in `block in call'
activesupport (5.2.3) lib/active_support/callbacks.rb:98:in `run_callbacks'
actionpack (5.2.3) lib/action_dispatch/middleware/callbacks.rb:26:in `call'
actionpack (5.2.3) lib/action_dispatch/middleware/executor.rb:14:in `call'
actionpack (5.2.3) lib/action_dispatch/middleware/debug_exceptions.rb:61:in `call'
web-console (3.7.0) lib/web_console/middleware.rb:135:in `call_app'
web-console (3.7.0) lib/web_console/middleware.rb:30:in `block in call'
web-console (3.7.0) lib/web_console/middleware.rb:20:in `catch'
web-console (3.7.0) lib/web_console/middleware.rb:20:in `call'
actionpack (5.2.3) lib/action_dispatch/middleware/show_exceptions.rb:33:in `call'
railties (5.2.3) lib/rails/rack/logger.rb:38:in `call_app'
railties (5.2.3) lib/rails/rack/logger.rb:26:in `block in call'
activesupport (5.2.3) lib/active_support/tagged_logging.rb:71:in `block in tagged'
activesupport (5.2.3) lib/active_support/tagged_logging.rb:28:in `tagged'
activesupport (5.2.3) lib/active_support/tagged_logging.rb:71:in `tagged'
railties (5.2.3) lib/rails/rack/logger.rb:26:in `call'
sprockets-rails (3.2.1) lib/sprockets/rails/quiet_assets.rb:13:in `call'
actionpack (5.2.3) lib/action_dispatch/middleware/remote_ip.rb:81:in `call'
actionpack (5.2.3) lib/action_dispatch/middleware/request_id.rb:27:in `call'
rack (2.0.7) lib/rack/method_override.rb:22:in `call'
rack (2.0.7) lib/rack/runtime.rb:22:in `call'
activesupport (5.2.3) lib/active_support/cache/strategy/local_cache_middleware.rb:29:in `call'
actionpack (5.2.3) lib/action_dispatch/middleware/executor.rb:14:in `call'
actionpack (5.2.3) lib/action_dispatch/middleware/static.rb:127:in `call'
rack (2.0.7) lib/rack/sendfile.rb:111:in `call'
railties (5.2.3) lib/rails/engine.rb:524:in `call'
puma (3.12.1) lib/puma/configuration.rb:227:in `call'
puma (3.12.1) lib/puma/server.rb:660:in `handle_request'
puma (3.12.1) lib/puma/server.rb:474:in `process_client'
puma (3.12.1) lib/puma/server.rb:334:in `block in run'
puma (3.12.1) lib/puma/thread_pool.rb:135:in `block in spawn_thread'
  [1m[35m (0.1ms)[0m  [1m[34mSELECT sqlite_version(*)[0m
  ↳ /home/italo/.gem/ruby/2.6.0/bin/rake:23
  [1m[35m (146.1ms)[0m  [1m[35mCREATE TABLE "schema_migrations" ("version" varchar NOT NULL PRIMARY KEY)[0m
  ↳ /home/italo/.gem/ruby/2.6.0/bin/rake:23
  [1m[35m (113.2ms)[0m  [1m[35mCREATE TABLE "ar_internal_metadata" ("key" varchar NOT NULL PRIMARY KEY, "value" varchar, "created_at" datetime NOT NULL, "updated_at" datetime NOT NULL)[0m
  ↳ /home/italo/.gem/ruby/2.6.0/bin/rake:23
  [1m[35m (0.4ms)[0m  [1m[34mSELECT "schema_migrations"."version" FROM "schema_migrations" ORDER BY "schema_migrations"."version" ASC[0m
  ↳ /home/italo/.gem/ruby/2.6.0/bin/rake:23
Migrating to CreateAlunos (20190424131654)
  [1m[35m (0.1ms)[0m  [1m[36mbegin transaction[0m
  ↳ /home/italo/.gem/ruby/2.6.0/bin/rake:23
  [1m[35m (0.5ms)[0m  [1m[35mCREATE TABLE "alunos" ("id" integer PRIMARY KEY AUTOINCREMENT NOT NULL, "idAluno" varchar, "nome" varchar, "categoria" varchar, "curso" varchar, "created_at" datetime NOT NULL, "updated_at" datetime NOT NULL)[0m
  ↳ db/migrate/20190424131654_create_alunos.rb:3
  [1m[36mActiveRecord::SchemaMigration Create (0.3ms)[0m  [1m[32mINSERT INTO "schema_migrations" ("version") VALUES (?)[0m  [["version", "20190424131654"]]
  ↳ /home/italo/.gem/ruby/2.6.0/bin/rake:23
  [1m[35m (98.7ms)[0m  [1m[36mcommit transaction[0m
  ↳ /home/italo/.gem/ruby/2.6.0/bin/rake:23
Migrating to CreateProjetos (20190424133510)
  [1m[35m (0.2ms)[0m  [1m[36mbegin transaction[0m
  ↳ /home/italo/.gem/ruby/2.6.0/bin/rake:23
  [1m[35m (0.1ms)[0m  [1m[31mrollback transaction[0m
  ↳ /home/italo/.gem/ruby/2.6.0/bin/rake:23
  [1m[35m (0.1ms)[0m  [1m[34mSELECT "schema_migrations"."version" FROM "schema_migrations" ORDER BY "schema_migrations"."version" ASC[0m
  ↳ /home/italo/.gem/ruby/2.6.0/bin/rake:23
Migrating to CreateProfessors (20190424134523)
  [1m[35m (0.1ms)[0m  [1m[36mbegin transaction[0m
  ↳ /home/italo/.gem/ruby/2.6.0/bin/rake:23
  [1m[35m (0.2ms)[0m  [1m[34mSELECT sqlite_version(*)[0m
  ↳ db/migrate/20190424134523_create_professors.rb:3
  [1m[35m (0.5ms)[0m  [1m[35mCREATE TABLE "professors" ("id" integer PRIMARY KEY AUTOINCREMENT NOT NULL, "nomeProfessor" varchar, "formacao" text, "sala" varchar, "email" varchar, "telefone" varchar, "created_at" datetime NOT NULL, "updated_at" datetime NOT NULL)[0m
  ↳ db/migrate/20190424134523_create_professors.rb:3
  [1m[36mActiveRecord::SchemaMigration Create (0.2ms)[0m  [1m[32mINSERT INTO "schema_migrations" ("version") VALUES (?)[0m  [["version", "20190424134523"]]
  ↳ /home/italo/.gem/ruby/2.6.0/bin/rake:23
  [1m[35m (90.1ms)[0m  [1m[36mcommit transaction[0m
  ↳ /home/italo/.gem/ruby/2.6.0/bin/rake:23
Migrating to CreateProjetos (20190424135118)
  [1m[35m (0.1ms)[0m  [1m[36mbegin transaction[0m
  ↳ /home/italo/.gem/ruby/2.6.0/bin/rake:23
  [1m[35m (0.5ms)[0m  [1m[35mCREATE TABLE "projetos" ("id" integer PRIMARY KEY AUTOINCREMENT NOT NULL, "nomeProjeto" varchar, "categoria" varchar, "arquivoBib" varchar, "created_at" datetime NOT NULL, "updated_at" datetime NOT NULL)[0m
  ↳ db/migrate/20190424135118_create_projetos.rb:3
  [1m[36mActiveRecord::SchemaMigration Create (0.4ms)[0m  [1m[32mINSERT INTO "schema_migrations" ("version") VALUES (?)[0m  [["version", "20190424135118"]]
  ↳ /home/italo/.gem/ruby/2.6.0/bin/rake:23
  [1m[35m (119.8ms)[0m  [1m[36mcommit transaction[0m
  ↳ /home/italo/.gem/ruby/2.6.0/bin/rake:23
Migrating to CreateAulas (20190424135131)
  [1m[35m (0.2ms)[0m  [1m[36mbegin transaction[0m
  ↳ /home/italo/.gem/ruby/2.6.0/bin/rake:23
  [1m[35m (0.5ms)[0m  [1m[35mCREATE TABLE "aulas" ("id" integer PRIMARY KEY AUTOINCREMENT NOT NULL, "nomeAula" varchar, "categoria" varchar, "quantidade" integer, "created_at" datetime NOT NULL, "updated_at" datetime NOT NULL)[0m
  ↳ db/migrate/20190424135131_create_aulas.rb:3
  [1m[36mActiveRecord::SchemaMigration Create (0.3ms)[0m  [1m[32mINSERT INTO "schema_migrations" ("version") VALUES (?)[0m  [["version", "20190424135131"]]
  ↳ /home/italo/.gem/ruby/2.6.0/bin/rake:23
  [1m[35m (103.3ms)[0m  [1m[36mcommit transaction[0m
  ↳ /home/italo/.gem/ruby/2.6.0/bin/rake:23
  [1m[36mActiveRecord::InternalMetadata Load (0.3ms)[0m  [1m[34mSELECT  "ar_internal_metadata".* FROM "ar_internal_metadata" WHERE "ar_internal_metadata"."key" = ? LIMIT ?[0m  [["key", "environment"], ["LIMIT", 1]]
  ↳ /home/italo/.gem/ruby/2.6.0/bin/rake:23
  [1m[35m (0.1ms)[0m  [1m[36mbegin transaction[0m
  ↳ /home/italo/.gem/ruby/2.6.0/bin/rake:23
  [1m[36mActiveRecord::InternalMetadata Create (0.4ms)[0m  [1m[32mINSERT INTO "ar_internal_metadata" ("key", "value", "created_at", "updated_at") VALUES (?, ?, ?, ?)[0m  [["key", "environment"], ["value", "development"], ["created_at", "2019-04-24 13:51:53.522379"], ["updated_at", "2019-04-24 13:51:53.522379"]]
  ↳ /home/italo/.gem/ruby/2.6.0/bin/rake:23
  [1m[35m (77.8ms)[0m  [1m[36mcommit transaction[0m
  ↳ /home/italo/.gem/ruby/2.6.0/bin/rake:23
  [1m[35m (0.2ms)[0m  [1m[34mSELECT "schema_migrations"."version" FROM "schema_migrations" ORDER BY "schema_migrations"."version" ASC[0m
  ↳ /home/italo/.gem/ruby/2.6.0/bin/rake:23
Started GET "/Trabalho1-Programacao-Web" for ::1 at 2019-04-24 10:52:14 -0300
  [1m[35m (0.1ms)[0m  [1m[34mSELECT "schema_migrations"."version" FROM "schema_migrations" ORDER BY "schema_migrations"."version" ASC[0m
  ↳ /usr/lib/ruby/gems/2.6.0/gems/web-console-3.7.0/lib/web_console/middleware.rb:135
  
ActionController::RoutingError (No route matches [GET] "/Trabalho1-Programacao-Web"):
  
actionpack (5.2.3) lib/action_dispatch/middleware/debug_exceptions.rb:65:in `call'
web-console (3.7.0) lib/web_console/middleware.rb:135:in `call_app'
web-console (3.7.0) lib/web_console/middleware.rb:30:in `block in call'
web-console (3.7.0) lib/web_console/middleware.rb:20:in `catch'
web-console (3.7.0) lib/web_console/middleware.rb:20:in `call'
actionpack (5.2.3) lib/action_dispatch/middleware/show_exceptions.rb:33:in `call'
railties (5.2.3) lib/rails/rack/logger.rb:38:in `call_app'
railties (5.2.3) lib/rails/rack/logger.rb:26:in `block in call'
activesupport (5.2.3) lib/active_support/tagged_logging.rb:71:in `block in tagged'
activesupport (5.2.3) lib/active_support/tagged_logging.rb:28:in `tagged'
activesupport (5.2.3) lib/active_support/tagged_logging.rb:71:in `tagged'
railties (5.2.3) lib/rails/rack/logger.rb:26:in `call'
sprockets-rails (3.2.1) lib/sprockets/rails/quiet_assets.rb:13:in `call'
actionpack (5.2.3) lib/action_dispatch/middleware/remote_ip.rb:81:in `call'
actionpack (5.2.3) lib/action_dispatch/middleware/request_id.rb:27:in `call'
rack (2.0.7) lib/rack/method_override.rb:22:in `call'
rack (2.0.7) lib/rack/runtime.rb:22:in `call'
activesupport (5.2.3) lib/active_support/cache/strategy/local_cache_middleware.rb:29:in `call'
actionpack (5.2.3) lib/action_dispatch/middleware/executor.rb:14:in `call'
actionpack (5.2.3) lib/action_dispatch/middleware/static.rb:127:in `call'
rack (2.0.7) lib/rack/sendfile.rb:111:in `call'
railties (5.2.3) lib/rails/engine.rb:524:in `call'
puma (3.12.1) lib/puma/configuration.rb:227:in `call'
puma (3.12.1) lib/puma/server.rb:660:in `handle_request'
puma (3.12.1) lib/puma/server.rb:474:in `process_client'
puma (3.12.1) lib/puma/server.rb:334:in `block in run'
puma (3.12.1) lib/puma/thread_pool.rb:135:in `block in spawn_thread'
Started GET "/aulas" for ::1 at 2019-04-24 10:52:23 -0300
Processing by AulasController#index as HTML
  Rendering aulas/index.html.erb within layouts/application
  [1m[36mAula Load (0.3ms)[0m  [1m[34mSELECT "aulas".* FROM "aulas"[0m
  ↳ app/views/aulas/index.html.erb:16
  Rendered aulas/index.html.erb within layouts/application (4.3ms)
Completed 200 OK in 1679ms (Views: 1673.0ms | ActiveRecord: 0.8ms)


Started GET "/aulas/new" for ::1 at 2019-04-24 10:52:28 -0300
Processing by AulasController#new as HTML
  Rendering aulas/new.html.erb within layouts/application
  Rendered aulas/_form.html.erb (193.0ms)
  Rendered aulas/new.html.erb within layouts/application (194.6ms)
Completed 200 OK in 263ms (Views: 249.3ms | ActiveRecord: 1.0ms)


Started POST "/aulas" for ::1 at 2019-04-24 10:52:48 -0300
Processing by AulasController#create as HTML
  Parameters: {"utf8"=>"✓", "authenticity_token"=>"blxHfdrvDkGamp2PgtYwhaKDl8+6FsFMw/CtRsh+3SLJUr87+mm4R2W338LHUKJh7msRBKModhMx8Z9PznPUag==", "aula"=>{"nomeAula"=>"Aleluia", "categoria"=>"Mandarim", "quantidade"=>"6"}, "commit"=>"Create Aula"}
  [1m[35m (0.1ms)[0m  [1m[36mbegin transaction[0m
  ↳ app/controllers/aulas_controller.rb:30
  [1m[36mAula Create (0.6ms)[0m  [1m[32mINSERT INTO "aulas" ("nomeAula", "categoria", "quantidade", "created_at", "updated_at") VALUES (?, ?, ?, ?, ?)[0m  [["nomeAula", "Aleluia"], ["categoria", "Mandarim"], ["quantidade", 6], ["created_at", "2019-04-24 13:52:48.909419"], ["updated_at", "2019-04-24 13:52:48.909419"]]
  ↳ app/controllers/aulas_controller.rb:30
  [1m[35m (131.1ms)[0m  [1m[36mcommit transaction[0m
  ↳ app/controllers/aulas_controller.rb:30
Redirected to http://localhost:3000/aulas/1
Completed 302 Found in 143ms (ActiveRecord: 131.8ms)


Started GET "/aulas/1" for ::1 at 2019-04-24 10:52:49 -0300
Processing by AulasController#show as HTML
  Parameters: {"id"=>"1"}
  [1m[36mAula Load (0.3ms)[0m  [1m[34mSELECT  "aulas".* FROM "aulas" WHERE "aulas"."id" = ? LIMIT ?[0m  [["id", 1], ["LIMIT", 1]]
  ↳ app/controllers/aulas_controller.rb:67
  Rendering aulas/show.html.erb within layouts/application
  Rendered aulas/show.html.erb within layouts/application (1.5ms)
Completed 200 OK in 84ms (Views: 68.0ms | ActiveRecord: 0.3ms)


Started GET "/aulas" for ::1 at 2019-04-24 10:52:56 -0300
Processing by AulasController#index as HTML
  Rendering aulas/index.html.erb within layouts/application
  [1m[36mAula Load (0.3ms)[0m  [1m[34mSELECT "aulas".* FROM "aulas"[0m
  ↳ app/views/aulas/index.html.erb:16
  Rendered aulas/index.html.erb within layouts/application (3.9ms)
Completed 200 OK in 80ms (Views: 77.9ms | ActiveRecord: 0.3ms)


Started GET "/projetos" for ::1 at 2019-04-24 10:53:55 -0300
Processing by ProjetosController#index as HTML
  Rendering projetos/index.html.erb within layouts/application
  [1m[36mProjeto Load (0.3ms)[0m  [1m[34mSELECT "projetos".* FROM "projetos"[0m
  ↳ app/views/projetos/index.html.erb:16
  Rendered projetos/index.html.erb within layouts/application (4.7ms)
Completed 200 OK in 39ms (Views: 34.6ms | ActiveRecord: 0.9ms)


Started GET "/professor" for ::1 at 2019-04-24 10:54:05 -0300
  
ActionController::RoutingError (No route matches [GET] "/professor"):
  
actionpack (5.2.3) lib/action_dispatch/middleware/debug_exceptions.rb:65:in `call'
web-console (3.7.0) lib/web_console/middleware.rb:135:in `call_app'
web-console (3.7.0) lib/web_console/middleware.rb:30:in `block in call'
web-console (3.7.0) lib/web_console/middleware.rb:20:in `catch'
web-console (3.7.0) lib/web_console/middleware.rb:20:in `call'
actionpack (5.2.3) lib/action_dispatch/middleware/show_exceptions.rb:33:in `call'
railties (5.2.3) lib/rails/rack/logger.rb:38:in `call_app'
railties (5.2.3) lib/rails/rack/logger.rb:26:in `block in call'
activesupport (5.2.3) lib/active_support/tagged_logging.rb:71:in `block in tagged'
activesupport (5.2.3) lib/active_support/tagged_logging.rb:28:in `tagged'
activesupport (5.2.3) lib/active_support/tagged_logging.rb:71:in `tagged'
railties (5.2.3) lib/rails/rack/logger.rb:26:in `call'
sprockets-rails (3.2.1) lib/sprockets/rails/quiet_assets.rb:13:in `call'
actionpack (5.2.3) lib/action_dispatch/middleware/remote_ip.rb:81:in `call'
actionpack (5.2.3) lib/action_dispatch/middleware/request_id.rb:27:in `call'
rack (2.0.7) lib/rack/method_override.rb:22:in `call'
rack (2.0.7) lib/rack/runtime.rb:22:in `call'
activesupport (5.2.3) lib/active_support/cache/strategy/local_cache_middleware.rb:29:in `call'
actionpack (5.2.3) lib/action_dispatch/middleware/executor.rb:14:in `call'
actionpack (5.2.3) lib/action_dispatch/middleware/static.rb:127:in `call'
rack (2.0.7) lib/rack/sendfile.rb:111:in `call'
railties (5.2.3) lib/rails/engine.rb:524:in `call'
puma (3.12.1) lib/puma/configuration.rb:227:in `call'
puma (3.12.1) lib/puma/server.rb:660:in `handle_request'
puma (3.12.1) lib/puma/server.rb:474:in `process_client'
puma (3.12.1) lib/puma/server.rb:334:in `block in run'
puma (3.12.1) lib/puma/thread_pool.rb:135:in `block in spawn_thread'
Started GET "/professores" for ::1 at 2019-04-24 10:54:11 -0300
  
ActionController::RoutingError (No route matches [GET] "/professores"):
  
actionpack (5.2.3) lib/action_dispatch/middleware/debug_exceptions.rb:65:in `call'
web-console (3.7.0) lib/web_console/middleware.rb:135:in `call_app'
web-console (3.7.0) lib/web_console/middleware.rb:30:in `block in call'
web-console (3.7.0) lib/web_console/middleware.rb:20:in `catch'
web-console (3.7.0) lib/web_console/middleware.rb:20:in `call'
actionpack (5.2.3) lib/action_dispatch/middleware/show_exceptions.rb:33:in `call'
railties (5.2.3) lib/rails/rack/logger.rb:38:in `call_app'
railties (5.2.3) lib/rails/rack/logger.rb:26:in `block in call'
activesupport (5.2.3) lib/active_support/tagged_logging.rb:71:in `block in tagged'
activesupport (5.2.3) lib/active_support/tagged_logging.rb:28:in `tagged'
activesupport (5.2.3) lib/active_support/tagged_logging.rb:71:in `tagged'
railties (5.2.3) lib/rails/rack/logger.rb:26:in `call'
sprockets-rails (3.2.1) lib/sprockets/rails/quiet_assets.rb:13:in `call'
actionpack (5.2.3) lib/action_dispatch/middleware/remote_ip.rb:81:in `call'
actionpack (5.2.3) lib/action_dispatch/middleware/request_id.rb:27:in `call'
rack (2.0.7) lib/rack/method_override.rb:22:in `call'
rack (2.0.7) lib/rack/runtime.rb:22:in `call'
activesupport (5.2.3) lib/active_support/cache/strategy/local_cache_middleware.rb:29:in `call'
actionpack (5.2.3) lib/action_dispatch/middleware/executor.rb:14:in `call'
actionpack (5.2.3) lib/action_dispatch/middleware/static.rb:127:in `call'
rack (2.0.7) lib/rack/sendfile.rb:111:in `call'
railties (5.2.3) lib/rails/engine.rb:524:in `call'
puma (3.12.1) lib/puma/configuration.rb:227:in `call'
puma (3.12.1) lib/puma/server.rb:660:in `handle_request'
puma (3.12.1) lib/puma/server.rb:474:in `process_client'
puma (3.12.1) lib/puma/server.rb:334:in `block in run'
puma (3.12.1) lib/puma/thread_pool.rb:135:in `block in spawn_thread'
Started GET "/professors" for ::1 at 2019-04-24 10:54:13 -0300
Processing by ProfessorsController#index as HTML
  Rendering professors/index.html.erb within layouts/application
  [1m[36mProfessor Load (0.3ms)[0m  [1m[34mSELECT "professors".* FROM "professors"[0m
  ↳ app/views/professors/index.html.erb:18
  Rendered professors/index.html.erb within layouts/application (4.2ms)
Completed 200 OK in 50ms (Views: 45.2ms | ActiveRecord: 0.8ms)


Started GET "/publicacaos" for ::1 at 2019-04-24 10:54:38 -0300
  
ActionController::RoutingError (No route matches [GET] "/publicacaos"):
  
actionpack (5.2.3) lib/action_dispatch/middleware/debug_exceptions.rb:65:in `call'
web-console (3.7.0) lib/web_console/middleware.rb:135:in `call_app'
web-console (3.7.0) lib/web_console/middleware.rb:30:in `block in call'
web-console (3.7.0) lib/web_console/middleware.rb:20:in `catch'
web-console (3.7.0) lib/web_console/middleware.rb:20:in `call'
actionpack (5.2.3) lib/action_dispatch/middleware/show_exceptions.rb:33:in `call'
railties (5.2.3) lib/rails/rack/logger.rb:38:in `call_app'
railties (5.2.3) lib/rails/rack/logger.rb:26:in `block in call'
activesupport (5.2.3) lib/active_support/tagged_logging.rb:71:in `block in tagged'
activesupport (5.2.3) lib/active_support/tagged_logging.rb:28:in `tagged'
activesupport (5.2.3) lib/active_support/tagged_logging.rb:71:in `tagged'
railties (5.2.3) lib/rails/rack/logger.rb:26:in `call'
sprockets-rails (3.2.1) lib/sprockets/rails/quiet_assets.rb:13:in `call'
actionpack (5.2.3) lib/action_dispatch/middleware/remote_ip.rb:81:in `call'
actionpack (5.2.3) lib/action_dispatch/middleware/request_id.rb:27:in `call'
rack (2.0.7) lib/rack/method_override.rb:22:in `call'
rack (2.0.7) lib/rack/runtime.rb:22:in `call'
activesupport (5.2.3) lib/active_support/cache/strategy/local_cache_middleware.rb:29:in `call'
actionpack (5.2.3) lib/action_dispatch/middleware/executor.rb:14:in `call'
actionpack (5.2.3) lib/action_dispatch/middleware/static.rb:127:in `call'
rack (2.0.7) lib/rack/sendfile.rb:111:in `call'
railties (5.2.3) lib/rails/engine.rb:524:in `call'
puma (3.12.1) lib/puma/configuration.rb:227:in `call'
puma (3.12.1) lib/puma/server.rb:660:in `handle_request'
puma (3.12.1) lib/puma/server.rb:474:in `process_client'
puma (3.12.1) lib/puma/server.rb:334:in `block in run'
puma (3.12.1) lib/puma/thread_pool.rb:135:in `block in spawn_thread'
Started GET "/publicacoes" for ::1 at 2019-04-24 10:54:42 -0300
  
ActionController::RoutingError (No route matches [GET] "/publicacoes"):
  
actionpack (5.2.3) lib/action_dispatch/middleware/debug_exceptions.rb:65:in `call'
web-console (3.7.0) lib/web_console/middleware.rb:135:in `call_app'
web-console (3.7.0) lib/web_console/middleware.rb:30:in `block in call'
web-console (3.7.0) lib/web_console/middleware.rb:20:in `catch'
web-console (3.7.0) lib/web_console/middleware.rb:20:in `call'
actionpack (5.2.3) lib/action_dispatch/middleware/show_exceptions.rb:33:in `call'
railties (5.2.3) lib/rails/rack/logger.rb:38:in `call_app'
railties (5.2.3) lib/rails/rack/logger.rb:26:in `block in call'
activesupport (5.2.3) lib/active_support/tagged_logging.rb:71:in `block in tagged'
activesupport (5.2.3) lib/active_support/tagged_logging.rb:28:in `tagged'
activesupport (5.2.3) lib/active_support/tagged_logging.rb:71:in `tagged'
railties (5.2.3) lib/rails/rack/logger.rb:26:in `call'
sprockets-rails (3.2.1) lib/sprockets/rails/quiet_assets.rb:13:in `call'
actionpack (5.2.3) lib/action_dispatch/middleware/remote_ip.rb:81:in `call'
actionpack (5.2.3) lib/action_dispatch/middleware/request_id.rb:27:in `call'
rack (2.0.7) lib/rack/method_override.rb:22:in `call'
rack (2.0.7) lib/rack/runtime.rb:22:in `call'
activesupport (5.2.3) lib/active_support/cache/strategy/local_cache_middleware.rb:29:in `call'
actionpack (5.2.3) lib/action_dispatch/middleware/executor.rb:14:in `call'
actionpack (5.2.3) lib/action_dispatch/middleware/static.rb:127:in `call'
rack (2.0.7) lib/rack/sendfile.rb:111:in `call'
railties (5.2.3) lib/rails/engine.rb:524:in `call'
puma (3.12.1) lib/puma/configuration.rb:227:in `call'
puma (3.12.1) lib/puma/server.rb:660:in `handle_request'
puma (3.12.1) lib/puma/server.rb:474:in `process_client'
puma (3.12.1) lib/puma/server.rb:334:in `block in run'
puma (3.12.1) lib/puma/thread_pool.rb:135:in `block in spawn_thread'
Started GET "/publicacoess" for ::1 at 2019-04-24 10:54:44 -0300
  
ActionController::RoutingError (No route matches [GET] "/publicacoess"):
  
actionpack (5.2.3) lib/action_dispatch/middleware/debug_exceptions.rb:65:in `call'
web-console (3.7.0) lib/web_console/middleware.rb:135:in `call_app'
web-console (3.7.0) lib/web_console/middleware.rb:30:in `block in call'
web-console (3.7.0) lib/web_console/middleware.rb:20:in `catch'
web-console (3.7.0) lib/web_console/middleware.rb:20:in `call'
actionpack (5.2.3) lib/action_dispatch/middleware/show_exceptions.rb:33:in `call'
railties (5.2.3) lib/rails/rack/logger.rb:38:in `call_app'
railties (5.2.3) lib/rails/rack/logger.rb:26:in `block in call'
activesupport (5.2.3) lib/active_support/tagged_logging.rb:71:in `block in tagged'
activesupport (5.2.3) lib/active_support/tagged_logging.rb:28:in `tagged'
activesupport (5.2.3) lib/active_support/tagged_logging.rb:71:in `tagged'
railties (5.2.3) lib/rails/rack/logger.rb:26:in `call'
sprockets-rails (3.2.1) lib/sprockets/rails/quiet_assets.rb:13:in `call'
actionpack (5.2.3) lib/action_dispatch/middleware/remote_ip.rb:81:in `call'
actionpack (5.2.3) lib/action_dispatch/middleware/request_id.rb:27:in `call'
rack (2.0.7) lib/rack/method_override.rb:22:in `call'
rack (2.0.7) lib/rack/runtime.rb:22:in `call'
activesupport (5.2.3) lib/active_support/cache/strategy/local_cache_middleware.rb:29:in `call'
actionpack (5.2.3) lib/action_dispatch/middleware/executor.rb:14:in `call'
actionpack (5.2.3) lib/action_dispatch/middleware/static.rb:127:in `call'
rack (2.0.7) lib/rack/sendfile.rb:111:in `call'
railties (5.2.3) lib/rails/engine.rb:524:in `call'
puma (3.12.1) lib/puma/configuration.rb:227:in `call'
puma (3.12.1) lib/puma/server.rb:660:in `handle_request'
puma (3.12.1) lib/puma/server.rb:474:in `process_client'
puma (3.12.1) lib/puma/server.rb:334:in `block in run'
puma (3.12.1) lib/puma/thread_pool.rb:135:in `block in spawn_thread'
  [1m[35m (0.1ms)[0m  [1m[34mSELECT "schema_migrations"."version" FROM "schema_migrations" ORDER BY "schema_migrations"."version" ASC[0m
  ↳ /home/italo/.gem/ruby/2.6.0/bin/rake:23
Migrating to CreateProjetos (20190424135832)
  [1m[35m (0.1ms)[0m  [1m[36mbegin transaction[0m
  ↳ /home/italo/.gem/ruby/2.6.0/bin/rake:23
  [1m[35m (0.8ms)[0m  [1m[34mSELECT sqlite_version(*)[0m
  ↳ db/migrate/20190424135832_create_projetos.rb:3
  [1m[35m (0.5ms)[0m  [1m[35mCREATE TABLE "projetos" ("id" integer PRIMARY KEY AUTOINCREMENT NOT NULL, "nomeProjeto" varchar, "inicio" integer, "termino" integer, "resumo" text, "created_at" datetime NOT NULL, "updated_at" datetime NOT NULL)[0m
  ↳ db/migrate/20190424135832_create_projetos.rb:3
  [1m[35m (0.1ms)[0m  [1m[31mrollback transaction[0m
  ↳ /home/italo/.gem/ruby/2.6.0/bin/rake:23
  [1m[35m (0.1ms)[0m  [1m[34mSELECT "schema_migrations"."version" FROM "schema_migrations" ORDER BY "schema_migrations"."version" ASC[0m
  ↳ /home/italo/.gem/ruby/2.6.0/bin/rake:23
  [1m[35m (0.1ms)[0m  [1m[34mSELECT "schema_migrations"."version" FROM "schema_migrations" ORDER BY "schema_migrations"."version" ASC[0m
  ↳ /home/italo/.gem/ruby/2.6.0/bin/rake:23
  [1m[35m (0.1ms)[0m  [1m[34mSELECT "schema_migrations"."version" FROM "schema_migrations" ORDER BY "schema_migrations"."version" ASC[0m
  ↳ /home/italo/.gem/ruby/2.6.0/bin/rake:23
  [1m[35m (0.1ms)[0m  [1m[34mSELECT "schema_migrations"."version" FROM "schema_migrations" ORDER BY "schema_migrations"."version" ASC[0m
  ↳ /home/italo/.gem/ruby/2.6.0/bin/rake:23
Migrating to CreateAulas (20190424135131)
  [1m[35m (0.1ms)[0m  [1m[36mbegin transaction[0m
  ↳ /home/italo/.gem/ruby/2.6.0/bin/rake:23
  [1m[35m (0.8ms)[0m  [1m[35mDROP TABLE "aulas"[0m
  ↳ /home/italo/.gem/ruby/2.6.0/bin/rake:23
  [1m[36mActiveRecord::SchemaMigration Destroy (0.3ms)[0m  [1m[31mDELETE FROM "schema_migrations" WHERE "schema_migrations"."version" = ?[0m  [["version", "20190424135131"]]
  ↳ /home/italo/.gem/ruby/2.6.0/bin/rake:23
  [1m[35m (86.7ms)[0m  [1m[36mcommit transaction[0m
  ↳ /home/italo/.gem/ruby/2.6.0/bin/rake:23
  [1m[35m (0.6ms)[0m  [1m[34mSELECT "schema_migrations"."version" FROM "schema_migrations" ORDER BY "schema_migrations"."version" ASC[0m
  ↳ /home/italo/.gem/ruby/2.6.0/bin/rake:23
  [1m[35m (0.1ms)[0m  [1m[34mSELECT "schema_migrations"."version" FROM "schema_migrations" ORDER BY "schema_migrations"."version" ASC[0m
  ↳ /home/italo/.gem/ruby/2.6.0/bin/rake:23
  [1m[35m (0.1ms)[0m  [1m[34mSELECT "schema_migrations"."version" FROM "schema_migrations" ORDER BY "schema_migrations"."version" ASC[0m
  ↳ /home/italo/.gem/ruby/2.6.0/bin/rake:23
  [1m[35m (0.1ms)[0m  [1m[34mSELECT "schema_migrations"."version" FROM "schema_migrations" ORDER BY "schema_migrations"."version" ASC[0m
  ↳ /home/italo/.gem/ruby/2.6.0/bin/rake:23
  [1m[35m (0.1ms)[0m  [1m[34mSELECT "schema_migrations"."version" FROM "schema_migrations" ORDER BY "schema_migrations"."version" ASC[0m
  ↳ /home/italo/.gem/ruby/2.6.0/bin/rake:23
Migrating to CreateAulas (20190424135131)
  [1m[35m (0.1ms)[0m  [1m[36mbegin transaction[0m
  ↳ /home/italo/.gem/ruby/2.6.0/bin/rake:23
  [1m[35m (0.1ms)[0m  [1m[34mSELECT sqlite_version(*)[0m
  ↳ db/migrate/20190424135131_create_aulas.rb:3
  [1m[35m (0.4ms)[0m  [1m[35mCREATE TABLE "aulas" ("id" integer PRIMARY KEY AUTOINCREMENT NOT NULL, "nomeAula" varchar, "categoria" varchar, "quantidade" integer, "created_at" datetime NOT NULL, "updated_at" datetime NOT NULL)[0m
  ↳ db/migrate/20190424135131_create_aulas.rb:3
  [1m[36mActiveRecord::SchemaMigration Create (0.3ms)[0m  [1m[32mINSERT INTO "schema_migrations" ("version") VALUES (?)[0m  [["version", "20190424135131"]]
  ↳ /home/italo/.gem/ruby/2.6.0/bin/rake:23
  [1m[35m (111.8ms)[0m  [1m[36mcommit transaction[0m
  ↳ /home/italo/.gem/ruby/2.6.0/bin/rake:23
Migrating to CreateProjetos (20190424135832)
  [1m[35m (0.1ms)[0m  [1m[36mbegin transaction[0m
  ↳ /home/italo/.gem/ruby/2.6.0/bin/rake:23
  [1m[35m (0.7ms)[0m  [1m[35mCREATE TABLE "projetos" ("id" integer PRIMARY KEY AUTOINCREMENT NOT NULL, "nomeProjeto" varchar, "inicio" integer, "termino" integer, "resumo" text, "created_at" datetime NOT NULL, "updated_at" datetime NOT NULL)[0m
  ↳ db/migrate/20190424135832_create_projetos.rb:3
  [1m[35m (0.1ms)[0m  [1m[31mrollback transaction[0m
  ↳ /home/italo/.gem/ruby/2.6.0/bin/rake:23
  [1m[35m (0.1ms)[0m  [1m[34mSELECT "schema_migrations"."version" FROM "schema_migrations" ORDER BY "schema_migrations"."version" ASC[0m
  ↳ /home/italo/.gem/ruby/2.6.0/bin/rake:23
  [1m[35m (0.1ms)[0m  [1m[34mSELECT "ar_internal_metadata"."value" FROM "ar_internal_metadata" WHERE "ar_internal_metadata"."key" = ?[0m  [["key", "environment"]]
  ↳ /home/italo/.gem/ruby/2.6.0/bin/rake:23
  [1m[35m (0.1ms)[0m  [1m[34mSELECT "schema_migrations"."version" FROM "schema_migrations" ORDER BY "schema_migrations"."version" ASC[0m
  ↳ /home/italo/.gem/ruby/2.6.0/bin/rake:23
  [1m[35m (0.1ms)[0m  [1m[34mSELECT "ar_internal_metadata"."value" FROM "ar_internal_metadata" WHERE "ar_internal_metadata"."key" = ?[0m  [["key", "environment"]]
  ↳ /home/italo/.gem/ruby/2.6.0/bin/rake:23
  [1m[35m (0.1ms)[0m  [1m[34mSELECT "schema_migrations"."version" FROM "schema_migrations" ORDER BY "schema_migrations"."version" ASC[0m
  ↳ /home/italo/.gem/ruby/2.6.0/bin/rake:23
  [1m[35m (0.1ms)[0m  [1m[34mSELECT "ar_internal_metadata"."value" FROM "ar_internal_metadata" WHERE "ar_internal_metadata"."key" = ?[0m  [["key", "environment"]]
  ↳ /home/italo/.gem/ruby/2.6.0/bin/rake:23
  [1m[35m (0.1ms)[0m  [1m[34mSELECT sqlite_version(*)[0m
  ↳ /home/italo/.gem/ruby/2.6.0/bin/rake:23
  [1m[35m (117.2ms)[0m  [1m[35mCREATE TABLE "schema_migrations" ("version" varchar NOT NULL PRIMARY KEY)[0m
  ↳ /home/italo/.gem/ruby/2.6.0/bin/rake:23
  [1m[35m (107.5ms)[0m  [1m[35mCREATE TABLE "ar_internal_metadata" ("key" varchar NOT NULL PRIMARY KEY, "value" varchar, "created_at" datetime NOT NULL, "updated_at" datetime NOT NULL)[0m
  ↳ /home/italo/.gem/ruby/2.6.0/bin/rake:23
  [1m[35m (0.1ms)[0m  [1m[34mSELECT "schema_migrations"."version" FROM "schema_migrations" ORDER BY "schema_migrations"."version" ASC[0m
  ↳ /home/italo/.gem/ruby/2.6.0/bin/rake:23
Migrating to CreateAlunos (20190424131654)
  [1m[35m (0.1ms)[0m  [1m[36mbegin transaction[0m
  ↳ /home/italo/.gem/ruby/2.6.0/bin/rake:23
  [1m[35m (0.6ms)[0m  [1m[35mCREATE TABLE "alunos" ("id" integer PRIMARY KEY AUTOINCREMENT NOT NULL, "idAluno" varchar, "nome" varchar, "categoria" varchar, "curso" varchar, "created_at" datetime NOT NULL, "updated_at" datetime NOT NULL)[0m
  ↳ db/migrate/20190424131654_create_alunos.rb:3
  [1m[36mActiveRecord::SchemaMigration Create (0.3ms)[0m  [1m[32mINSERT INTO "schema_migrations" ("version") VALUES (?)[0m  [["version", "20190424131654"]]
  ↳ /home/italo/.gem/ruby/2.6.0/bin/rake:23
  [1m[35m (137.6ms)[0m  [1m[36mcommit transaction[0m
  ↳ /home/italo/.gem/ruby/2.6.0/bin/rake:23
Migrating to CreateProfessors (20190424134523)
  [1m[35m (0.1ms)[0m  [1m[36mbegin transaction[0m
  ↳ /home/italo/.gem/ruby/2.6.0/bin/rake:23
  [1m[35m (1.0ms)[0m  [1m[35mCREATE TABLE "professors" ("id" integer PRIMARY KEY AUTOINCREMENT NOT NULL, "nomeProfessor" varchar, "formacao" text, "sala" varchar, "email" varchar, "telefone" varchar, "created_at" datetime NOT NULL, "updated_at" datetime NOT NULL)[0m
  ↳ db/migrate/20190424134523_create_professors.rb:3
  [1m[36mActiveRecord::SchemaMigration Create (0.3ms)[0m  [1m[32mINSERT INTO "schema_migrations" ("version") VALUES (?)[0m  [["version", "20190424134523"]]
  ↳ /home/italo/.gem/ruby/2.6.0/bin/rake:23
  [1m[35m (91.0ms)[0m  [1m[36mcommit transaction[0m
  ↳ /home/italo/.gem/ruby/2.6.0/bin/rake:23
Migrating to CreateAulas (20190424135131)
  [1m[35m (0.2ms)[0m  [1m[36mbegin transaction[0m
  ↳ /home/italo/.gem/ruby/2.6.0/bin/rake:23
  [1m[35m (1.2ms)[0m  [1m[35mCREATE TABLE "aulas" ("id" integer PRIMARY KEY AUTOINCREMENT NOT NULL, "nomeAula" varchar, "categoria" varchar, "quantidade" integer, "created_at" datetime NOT NULL, "updated_at" datetime NOT NULL)[0m
  ↳ db/migrate/20190424135131_create_aulas.rb:3
  [1m[36mActiveRecord::SchemaMigration Create (0.3ms)[0m  [1m[32mINSERT INTO "schema_migrations" ("version") VALUES (?)[0m  [["version", "20190424135131"]]
  ↳ /home/italo/.gem/ruby/2.6.0/bin/rake:23
  [1m[35m (90.1ms)[0m  [1m[36mcommit transaction[0m
  ↳ /home/italo/.gem/ruby/2.6.0/bin/rake:23
Migrating to CreateProjetos (20190424135832)
  [1m[35m (0.1ms)[0m  [1m[36mbegin transaction[0m
  ↳ /home/italo/.gem/ruby/2.6.0/bin/rake:23
  [1m[35m (0.5ms)[0m  [1m[35mCREATE TABLE "projetos" ("id" integer PRIMARY KEY AUTOINCREMENT NOT NULL, "nomeProjeto" varchar, "inicio" integer, "termino" integer, "resumo" text, "created_at" datetime NOT NULL, "updated_at" datetime NOT NULL)[0m
  ↳ db/migrate/20190424135832_create_projetos.rb:3
  [1m[36mActiveRecord::SchemaMigration Create (0.2ms)[0m  [1m[32mINSERT INTO "schema_migrations" ("version") VALUES (?)[0m  [["version", "20190424135832"]]
  ↳ /home/italo/.gem/ruby/2.6.0/bin/rake:23
  [1m[35m (86.1ms)[0m  [1m[36mcommit transaction[0m
  ↳ /home/italo/.gem/ruby/2.6.0/bin/rake:23
Migrating to CreatePublicacaos (20190424135914)
  [1m[35m (0.2ms)[0m  [1m[36mbegin transaction[0m
  ↳ /home/italo/.gem/ruby/2.6.0/bin/rake:23
  [1m[35m (1.0ms)[0m  [1m[35mCREATE TABLE "publicacaos" ("id" integer PRIMARY KEY AUTOINCREMENT NOT NULL, "nomePublicacao" varchar, "categoria" varchar, "arquivoBib" varchar, "created_at" datetime NOT NULL, "updated_at" datetime NOT NULL)[0m
  ↳ db/migrate/20190424135914_create_publicacaos.rb:3
  [1m[36mActiveRecord::SchemaMigration Create (0.3ms)[0m  [1m[32mINSERT INTO "schema_migrations" ("version") VALUES (?)[0m  [["version", "20190424135914"]]
  ↳ /home/italo/.gem/ruby/2.6.0/bin/rake:23
  [1m[35m (114.1ms)[0m  [1m[36mcommit transaction[0m
  ↳ /home/italo/.gem/ruby/2.6.0/bin/rake:23
  [1m[36mActiveRecord::InternalMetadata Load (0.4ms)[0m  [1m[34mSELECT  "ar_internal_metadata".* FROM "ar_internal_metadata" WHERE "ar_internal_metadata"."key" = ? LIMIT ?[0m  [["key", "environment"], ["LIMIT", 1]]
  ↳ /home/italo/.gem/ruby/2.6.0/bin/rake:23
  [1m[35m (0.1ms)[0m  [1m[36mbegin transaction[0m
  ↳ /home/italo/.gem/ruby/2.6.0/bin/rake:23
  [1m[36mActiveRecord::InternalMetadata Create (0.3ms)[0m  [1m[32mINSERT INTO "ar_internal_metadata" ("key", "value", "created_at", "updated_at") VALUES (?, ?, ?, ?)[0m  [["key", "environment"], ["value", "development"], ["created_at", "2019-04-24 14:01:34.300023"], ["updated_at", "2019-04-24 14:01:34.300023"]]
  ↳ /home/italo/.gem/ruby/2.6.0/bin/rake:23
  [1m[35m (68.1ms)[0m  [1m[36mcommit transaction[0m
  ↳ /home/italo/.gem/ruby/2.6.0/bin/rake:23
  [1m[35m (0.2ms)[0m  [1m[34mSELECT "schema_migrations"."version" FROM "schema_migrations" ORDER BY "schema_migrations"."version" ASC[0m
  ↳ /home/italo/.gem/ruby/2.6.0/bin/rake:23
  [1m[35m (0.2ms)[0m  [1m[34mSELECT "schema_migrations"."version" FROM "schema_migrations" ORDER BY "schema_migrations"."version" ASC[0m
  ↳ /usr/lib/ruby/gems/2.6.0/gems/bootsnap-1.4.3/lib/bootsnap/load_path_cache/core_ext/kernel_require.rb:22
  [1m[35m (0.2ms)[0m  [1m[34mSELECT "ar_internal_metadata"."value" FROM "ar_internal_metadata" WHERE "ar_internal_metadata"."key" = ?[0m  [["key", "environment"]]
  ↳ /usr/lib/ruby/gems/2.6.0/gems/bootsnap-1.4.3/lib/bootsnap/load_path_cache/core_ext/kernel_require.rb:22
  [1m[35m (0.1ms)[0m  [1m[34mSELECT "schema_migrations"."version" FROM "schema_migrations" ORDER BY "schema_migrations"."version" ASC[0m
  ↳ /usr/lib/ruby/gems/2.6.0/gems/bootsnap-1.4.3/lib/bootsnap/load_path_cache/core_ext/kernel_require.rb:22
  [1m[35m (0.1ms)[0m  [1m[34mSELECT "ar_internal_metadata"."value" FROM "ar_internal_metadata" WHERE "ar_internal_metadata"."key" = ?[0m  [["key", "environment"]]
  ↳ /usr/lib/ruby/gems/2.6.0/gems/bootsnap-1.4.3/lib/bootsnap/load_path_cache/core_ext/kernel_require.rb:22
  [1m[35m (0.1ms)[0m  [1m[34mSELECT "schema_migrations"."version" FROM "schema_migrations" ORDER BY "schema_migrations"."version" ASC[0m
  ↳ /usr/lib/ruby/gems/2.6.0/gems/bootsnap-1.4.3/lib/bootsnap/load_path_cache/core_ext/kernel_require.rb:22
  [1m[35m (0.1ms)[0m  [1m[34mSELECT "ar_internal_metadata"."value" FROM "ar_internal_metadata" WHERE "ar_internal_metadata"."key" = ?[0m  [["key", "environment"]]
  ↳ /usr/lib/ruby/gems/2.6.0/gems/bootsnap-1.4.3/lib/bootsnap/load_path_cache/core_ext/kernel_require.rb:22
  [1m[35m (0.1ms)[0m  [1m[34mSELECT sqlite_version(*)[0m
  ↳ /home/italo/.gem/ruby/2.6.0/bin/rake:23
  [1m[35m (183.2ms)[0m  [1m[35mCREATE TABLE "schema_migrations" ("version" varchar NOT NULL PRIMARY KEY)[0m
  ↳ /home/italo/.gem/ruby/2.6.0/bin/rake:23
  [1m[35m (110.9ms)[0m  [1m[35mCREATE TABLE "ar_internal_metadata" ("key" varchar NOT NULL PRIMARY KEY, "value" varchar, "created_at" datetime NOT NULL, "updated_at" datetime NOT NULL)[0m
  ↳ /home/italo/.gem/ruby/2.6.0/bin/rake:23
  [1m[35m (0.1ms)[0m  [1m[34mSELECT "schema_migrations"."version" FROM "schema_migrations" ORDER BY "schema_migrations"."version" ASC[0m
  ↳ /home/italo/.gem/ruby/2.6.0/bin/rake:23
Migrating to CreateAlunos (20190424131654)
  [1m[35m (0.2ms)[0m  [1m[36mbegin transaction[0m
  ↳ /home/italo/.gem/ruby/2.6.0/bin/rake:23
  [1m[35m (0.6ms)[0m  [1m[35mCREATE TABLE "alunos" ("id" integer PRIMARY KEY AUTOINCREMENT NOT NULL, "idAluno" varchar, "nome" varchar, "categoria" varchar, "curso" varchar, "created_at" datetime NOT NULL, "updated_at" datetime NOT NULL)[0m
  ↳ db/migrate/20190424131654_create_alunos.rb:3
  [1m[36mActiveRecord::SchemaMigration Create (0.3ms)[0m  [1m[32mINSERT INTO "schema_migrations" ("version") VALUES (?)[0m  [["version", "20190424131654"]]
  ↳ /home/italo/.gem/ruby/2.6.0/bin/rake:23
  [1m[35m (102.1ms)[0m  [1m[36mcommit transaction[0m
  ↳ /home/italo/.gem/ruby/2.6.0/bin/rake:23
Migrating to CreateProfessors (20190424134523)
  [1m[35m (0.1ms)[0m  [1m[36mbegin transaction[0m
  ↳ /home/italo/.gem/ruby/2.6.0/bin/rake:23
  [1m[35m (0.7ms)[0m  [1m[35mCREATE TABLE "professors" ("id" integer PRIMARY KEY AUTOINCREMENT NOT NULL, "nomeProfessor" varchar, "formacao" text, "sala" varchar, "email" varchar, "telefone" varchar, "created_at" datetime NOT NULL, "updated_at" datetime NOT NULL)[0m
  ↳ db/migrate/20190424134523_create_professors.rb:3
  [1m[36mActiveRecord::SchemaMigration Create (0.4ms)[0m  [1m[32mINSERT INTO "schema_migrations" ("version") VALUES (?)[0m  [["version", "20190424134523"]]
  ↳ /home/italo/.gem/ruby/2.6.0/bin/rake:23
  [1m[35m (96.2ms)[0m  [1m[36mcommit transaction[0m
  ↳ /home/italo/.gem/ruby/2.6.0/bin/rake:23
Migrating to CreateAulas (20190424135131)
  [1m[35m (0.1ms)[0m  [1m[36mbegin transaction[0m
  ↳ /home/italo/.gem/ruby/2.6.0/bin/rake:23
  [1m[35m (0.8ms)[0m  [1m[35mCREATE TABLE "aulas" ("id" integer PRIMARY KEY AUTOINCREMENT NOT NULL, "nomeAula" varchar, "categoria" varchar, "quantidade" integer, "created_at" datetime NOT NULL, "updated_at" datetime NOT NULL)[0m
  ↳ db/migrate/20190424135131_create_aulas.rb:3
  [1m[36mActiveRecord::SchemaMigration Create (0.3ms)[0m  [1m[32mINSERT INTO "schema_migrations" ("version") VALUES (?)[0m  [["version", "20190424135131"]]
  ↳ /home/italo/.gem/ruby/2.6.0/bin/rake:23
  [1m[35m (124.2ms)[0m  [1m[36mcommit transaction[0m
  ↳ /home/italo/.gem/ruby/2.6.0/bin/rake:23
Migrating to CreateProjetos (20190424135832)
  [1m[35m (0.2ms)[0m  [1m[36mbegin transaction[0m
  ↳ /home/italo/.gem/ruby/2.6.0/bin/rake:23
  [1m[35m (0.9ms)[0m  [1m[35mCREATE TABLE "projetos" ("id" integer PRIMARY KEY AUTOINCREMENT NOT NULL, "nomeProjeto" varchar, "inicio" integer, "termino" integer, "resumo" text, "created_at" datetime NOT NULL, "updated_at" datetime NOT NULL)[0m
  ↳ db/migrate/20190424135832_create_projetos.rb:3
  [1m[36mActiveRecord::SchemaMigration Create (0.3ms)[0m  [1m[32mINSERT INTO "schema_migrations" ("version") VALUES (?)[0m  [["version", "20190424135832"]]
  ↳ /home/italo/.gem/ruby/2.6.0/bin/rake:23
  [1m[35m (112.1ms)[0m  [1m[36mcommit transaction[0m
  ↳ /home/italo/.gem/ruby/2.6.0/bin/rake:23
Migrating to CreatePublicacaos (20190424135914)
  [1m[35m (0.1ms)[0m  [1m[36mbegin transaction[0m
  ↳ /home/italo/.gem/ruby/2.6.0/bin/rake:23
  [1m[35m (0.5ms)[0m  [1m[35mCREATE TABLE "publicacaos" ("id" integer PRIMARY KEY AUTOINCREMENT NOT NULL, "nomePublicacao" varchar, "categoria" varchar, "arquivoBib" varchar, "created_at" datetime NOT NULL, "updated_at" datetime NOT NULL)[0m
  ↳ db/migrate/20190424135914_create_publicacaos.rb:3
  [1m[36mActiveRecord::SchemaMigration Create (0.2ms)[0m  [1m[32mINSERT INTO "schema_migrations" ("version") VALUES (?)[0m  [["version", "20190424135914"]]
  ↳ /home/italo/.gem/ruby/2.6.0/bin/rake:23
  [1m[35m (94.1ms)[0m  [1m[36mcommit transaction[0m
  ↳ /home/italo/.gem/ruby/2.6.0/bin/rake:23
Migrating to CreateAlunosProjetos (20190426000040)
  [1m[35m (0.2ms)[0m  [1m[36mbegin transaction[0m
  ↳ /home/italo/.gem/ruby/2.6.0/bin/rake:23
  [1m[35m (0.6ms)[0m  [1m[35mCREATE TABLE "alunos_projetos" ("aluno_id" integer, "projeto_id" integer)[0m
  ↳ db/migrate/20190426000040_create_alunos_projetos.rb:3
  [1m[35m (0.2ms)[0m  [1m[35mCREATE  INDEX "index_alunos_projetos_on_aluno_id" ON "alunos_projetos" ("aluno_id")[0m
  ↳ db/migrate/20190426000040_create_alunos_projetos.rb:3
  [1m[35m (0.2ms)[0m  [1m[35mCREATE  INDEX "index_alunos_projetos_on_projeto_id" ON "alunos_projetos" ("projeto_id")[0m
  ↳ db/migrate/20190426000040_create_alunos_projetos.rb:3
  [1m[36mActiveRecord::SchemaMigration Create (0.2ms)[0m  [1m[32mINSERT INTO "schema_migrations" ("version") VALUES (?)[0m  [["version", "20190426000040"]]
  ↳ /home/italo/.gem/ruby/2.6.0/bin/rake:23
  [1m[35m (109.4ms)[0m  [1m[36mcommit transaction[0m
  ↳ /home/italo/.gem/ruby/2.6.0/bin/rake:23
  [1m[36mActiveRecord::InternalMetadata Load (0.5ms)[0m  [1m[34mSELECT  "ar_internal_metadata".* FROM "ar_internal_metadata" WHERE "ar_internal_metadata"."key" = ? LIMIT ?[0m  [["key", "environment"], ["LIMIT", 1]]
  ↳ /home/italo/.gem/ruby/2.6.0/bin/rake:23
  [1m[35m (0.1ms)[0m  [1m[36mbegin transaction[0m
  ↳ /home/italo/.gem/ruby/2.6.0/bin/rake:23
  [1m[36mActiveRecord::InternalMetadata Create (0.3ms)[0m  [1m[32mINSERT INTO "ar_internal_metadata" ("key", "value", "created_at", "updated_at") VALUES (?, ?, ?, ?)[0m  [["key", "environment"], ["value", "development"], ["created_at", "2019-04-26 00:08:22.352953"], ["updated_at", "2019-04-26 00:08:22.352953"]]
  ↳ /home/italo/.gem/ruby/2.6.0/bin/rake:23
  [1m[35m (72.3ms)[0m  [1m[36mcommit transaction[0m
  ↳ /home/italo/.gem/ruby/2.6.0/bin/rake:23
  [1m[35m (0.4ms)[0m  [1m[34mSELECT "schema_migrations"."version" FROM "schema_migrations" ORDER BY "schema_migrations"."version" ASC[0m
  ↳ /home/italo/.gem/ruby/2.6.0/bin/rake:23
Started GET "/" for ::1 at 2019-04-25 21:08:49 -0300
  [1m[35m (0.1ms)[0m  [1m[34mSELECT "schema_migrations"."version" FROM "schema_migrations" ORDER BY "schema_migrations"."version" ASC[0m
  ↳ /usr/lib/ruby/gems/2.6.0/gems/web-console-3.7.0/lib/web_console/middleware.rb:135
Processing by Rails::WelcomeController#index as HTML
  Rendering /home/italo/.gem/ruby/2.6.0/gems/railties-5.2.3/lib/rails/templates/rails/welcome/index.html.erb
  Rendered /home/italo/.gem/ruby/2.6.0/gems/railties-5.2.3/lib/rails/templates/rails/welcome/index.html.erb (7.3ms)
Completed 200 OK in 74ms (Views: 10.8ms | ActiveRecord: 0.0ms)


Started GET "/alunos" for ::1 at 2019-04-25 21:08:53 -0300
Processing by AlunosController#index as HTML
  Rendering alunos/index.html.erb within layouts/application
  [1m[36mAluno Load (0.2ms)[0m  [1m[34mSELECT "alunos".* FROM "alunos"[0m
  ↳ app/views/alunos/index.html.erb:17
  Rendered alunos/index.html.erb within layouts/application (2.5ms)
Completed 200 OK in 1708ms (Views: 1656.7ms | ActiveRecord: 0.5ms)


Started GET "/projetos_alunos" for ::1 at 2019-04-25 21:09:45 -0300
  
ActionController::RoutingError (No route matches [GET] "/projetos_alunos"):
  
actionpack (5.2.3) lib/action_dispatch/middleware/debug_exceptions.rb:65:in `call'
web-console (3.7.0) lib/web_console/middleware.rb:135:in `call_app'
web-console (3.7.0) lib/web_console/middleware.rb:30:in `block in call'
web-console (3.7.0) lib/web_console/middleware.rb:20:in `catch'
web-console (3.7.0) lib/web_console/middleware.rb:20:in `call'
actionpack (5.2.3) lib/action_dispatch/middleware/show_exceptions.rb:33:in `call'
railties (5.2.3) lib/rails/rack/logger.rb:38:in `call_app'
railties (5.2.3) lib/rails/rack/logger.rb:26:in `block in call'
activesupport (5.2.3) lib/active_support/tagged_logging.rb:71:in `block in tagged'
activesupport (5.2.3) lib/active_support/tagged_logging.rb:28:in `tagged'
activesupport (5.2.3) lib/active_support/tagged_logging.rb:71:in `tagged'
railties (5.2.3) lib/rails/rack/logger.rb:26:in `call'
sprockets-rails (3.2.1) lib/sprockets/rails/quiet_assets.rb:13:in `call'
actionpack (5.2.3) lib/action_dispatch/middleware/remote_ip.rb:81:in `call'
actionpack (5.2.3) lib/action_dispatch/middleware/request_id.rb:27:in `call'
rack (2.0.7) lib/rack/method_override.rb:22:in `call'
rack (2.0.7) lib/rack/runtime.rb:22:in `call'
activesupport (5.2.3) lib/active_support/cache/strategy/local_cache_middleware.rb:29:in `call'
actionpack (5.2.3) lib/action_dispatch/middleware/executor.rb:14:in `call'
actionpack (5.2.3) lib/action_dispatch/middleware/static.rb:127:in `call'
rack (2.0.7) lib/rack/sendfile.rb:111:in `call'
webpacker (4.0.2) lib/webpacker/dev_server_proxy.rb:29:in `perform_request'
rack-proxy (0.6.5) lib/rack/proxy.rb:57:in `call'
railties (5.2.3) lib/rails/engine.rb:524:in `call'
puma (3.12.1) lib/puma/configuration.rb:227:in `call'
puma (3.12.1) lib/puma/server.rb:660:in `handle_request'
puma (3.12.1) lib/puma/server.rb:474:in `process_client'
puma (3.12.1) lib/puma/server.rb:334:in `block in run'
puma (3.12.1) lib/puma/thread_pool.rb:135:in `block in spawn_thread'
Started GET "/projetos" for ::1 at 2019-04-25 21:09:49 -0300
Processing by ProjetosController#index as HTML
  Rendering projetos/index.html.erb within layouts/application
  [1m[36mProjeto Load (0.2ms)[0m  [1m[34mSELECT "projetos".* FROM "projetos"[0m
  ↳ app/views/projetos/index.html.erb:17
  Rendered projetos/index.html.erb within layouts/application (3.0ms)
Completed 200 OK in 35ms (Views: 29.1ms | ActiveRecord: 0.5ms)


Started GET "/" for ::1 at 2019-04-25 21:21:27 -0300
  [1m[35m (0.1ms)[0m  [1m[34mSELECT "schema_migrations"."version" FROM "schema_migrations" ORDER BY "schema_migrations"."version" ASC[0m
  ↳ /usr/lib/ruby/gems/2.6.0/gems/web-console-3.7.0/lib/web_console/middleware.rb:135
Processing by Rails::WelcomeController#index as HTML
  Rendering /home/italo/.gem/ruby/2.6.0/gems/railties-5.2.3/lib/rails/templates/rails/welcome/index.html.erb
  Rendered /home/italo/.gem/ruby/2.6.0/gems/railties-5.2.3/lib/rails/templates/rails/welcome/index.html.erb (3.4ms)
Completed 200 OK in 12ms (Views: 5.4ms | ActiveRecord: 0.0ms)


Started GET "/alunos" for ::1 at 2019-04-25 21:21:32 -0300
Processing by AlunosController#index as HTML
  Rendering alunos/index.html.erb within layouts/application
  [1m[36mAluno Load (0.2ms)[0m  [1m[34mSELECT "alunos".* FROM "alunos"[0m
  ↳ app/views/alunos/index.html.erb:17
  Rendered alunos/index.html.erb within layouts/application (2.7ms)
Completed 200 OK in 1454ms (Views: 1444.4ms | ActiveRecord: 0.5ms)


Started GET "/alunos" for ::1 at 2019-04-25 21:29:08 -0300
  [1m[35m (0.2ms)[0m  [1m[34mSELECT "schema_migrations"."version" FROM "schema_migrations" ORDER BY "schema_migrations"."version" ASC[0m
  ↳ /usr/lib/ruby/gems/2.6.0/gems/web-console-3.7.0/lib/web_console/middleware.rb:135
Processing by AlunosController#index as HTML
  Rendering alunos/index.html.erb within layouts/application
  [1m[36mAluno Load (0.2ms)[0m  [1m[34mSELECT "alunos".* FROM "alunos"[0m
  ↳ app/views/alunos/index.html.erb:17
  Rendered alunos/index.html.erb within layouts/application (2.7ms)
Completed 200 OK in 1549ms (Views: 1521.2ms | ActiveRecord: 0.4ms)


Started GET "/projetos" for ::1 at 2019-04-25 21:29:40 -0300
Processing by ProjetosController#index as HTML
  Rendering projetos/index.html.erb within layouts/application
  [1m[36mProjeto Load (0.3ms)[0m  [1m[34mSELECT "projetos".* FROM "projetos"[0m
  ↳ app/views/projetos/index.html.erb:17
  Rendered projetos/index.html.erb within layouts/application (3.7ms)
Completed 200 OK in 42ms (Views: 40.0ms | ActiveRecord: 0.7ms)


Started GET "/alunos/new" for ::1 at 2019-04-25 21:30:23 -0300
Processing by AlunosController#new as HTML
  Rendering alunos/new.html.erb within layouts/application
  [1m[36mProjeto Load (0.1ms)[0m  [1m[34mSELECT "projetos".* FROM "projetos"[0m
  ↳ app/views/alunos/_form.html.erb:38
  Rendered alunos/_form.html.erb (15.2ms)
  Rendered alunos/new.html.erb within layouts/application (16.4ms)
Completed 200 OK in 57ms (Views: 44.9ms | ActiveRecord: 0.8ms)


Started GET "/alunos" for ::1 at 2019-04-25 21:30:28 -0300
Processing by AlunosController#index as HTML
  Rendering alunos/index.html.erb within layouts/application
  [1m[36mAluno Load (0.2ms)[0m  [1m[34mSELECT "alunos".* FROM "alunos"[0m
  ↳ app/views/alunos/index.html.erb:17
  Rendered alunos/index.html.erb within layouts/application (2.3ms)
Completed 200 OK in 68ms (Views: 66.2ms | ActiveRecord: 0.2ms)


Started GET "/alunos" for ::1 at 2019-04-25 21:33:08 -0300
Processing by AlunosController#index as HTML
  Rendering alunos/index.html.erb within layouts/application
  [1m[36mAluno Load (0.2ms)[0m  [1m[34mSELECT "alunos".* FROM "alunos"[0m
  ↳ app/views/alunos/index.html.erb:17
  Rendered alunos/index.html.erb within layouts/application (2.2ms)
Completed 200 OK in 34ms (Views: 32.2ms | ActiveRecord: 0.2ms)


Started GET "/projetos" for ::1 at 2019-04-25 21:33:15 -0300
Processing by ProjetosController#index as HTML
  Rendering projetos/index.html.erb within layouts/application
  [1m[36mProjeto Load (0.1ms)[0m  [1m[34mSELECT "projetos".* FROM "projetos"[0m
  ↳ app/views/projetos/index.html.erb:17
  Rendered projetos/index.html.erb within layouts/application (1.8ms)
Completed 200 OK in 36ms (Views: 35.1ms | ActiveRecord: 0.1ms)


Started GET "/alunos" for ::1 at 2019-04-25 21:34:57 -0300
  [1m[35m (0.2ms)[0m  [1m[34mSELECT "schema_migrations"."version" FROM "schema_migrations" ORDER BY "schema_migrations"."version" ASC[0m
  ↳ /usr/lib/ruby/gems/2.6.0/gems/web-console-3.7.0/lib/web_console/middleware.rb:135
Processing by AlunosController#index as HTML
  Rendering alunos/index.html.erb within layouts/application
  [1m[36mAluno Load (0.2ms)[0m  [1m[34mSELECT "alunos".* FROM "alunos"[0m
  ↳ app/views/alunos/index.html.erb:17
  Rendered alunos/index.html.erb within layouts/application (3.0ms)
Completed 200 OK in 1511ms (Views: 1492.5ms | ActiveRecord: 0.5ms)


Started GET "/projetos" for ::1 at 2019-04-25 21:35:02 -0300
Processing by ProjetosController#index as HTML
  Rendering projetos/index.html.erb within layouts/application
  [1m[36mProjeto Load (0.2ms)[0m  [1m[34mSELECT "projetos".* FROM "projetos"[0m
  ↳ app/views/projetos/index.html.erb:17
  Rendered projetos/index.html.erb within layouts/application (2.9ms)
Completed 200 OK in 45ms (Views: 42.8ms | ActiveRecord: 0.6ms)


Started GET "/projetos" for ::1 at 2019-04-25 21:35:04 -0300
Processing by ProjetosController#index as HTML
  Rendering projetos/index.html.erb within layouts/application
  [1m[36mProjeto Load (0.2ms)[0m  [1m[34mSELECT "projetos".* FROM "projetos"[0m
  ↳ app/views/projetos/index.html.erb:17
  Rendered projetos/index.html.erb within layouts/application (2.3ms)
Completed 200 OK in 34ms (Views: 32.0ms | ActiveRecord: 0.2ms)


Started GET "/projetos/new" for ::1 at 2019-04-25 21:35:06 -0300
Processing by ProjetosController#new as HTML
  Rendering projetos/new.html.erb within layouts/application
  Rendered projetos/_form.html.erb (81.3ms)
  Rendered projetos/new.html.erb within layouts/application (83.6ms)
Completed 200 OK in 129ms (Views: 118.4ms | ActiveRecord: 0.6ms)


Started GET "/projetos" for ::1 at 2019-04-25 21:35:11 -0300
Processing by ProjetosController#index as HTML
  Rendering projetos/index.html.erb within layouts/application
  [1m[36mProjeto Load (0.2ms)[0m  [1m[34mSELECT "projetos".* FROM "projetos"[0m
  ↳ app/views/projetos/index.html.erb:17
  Rendered projetos/index.html.erb within layouts/application (2.3ms)
Completed 200 OK in 62ms (Views: 61.0ms | ActiveRecord: 0.2ms)


Started GET "/projetos/new" for ::1 at 2019-04-25 21:35:31 -0300
Processing by ProjetosController#new as HTML
  Rendering projetos/new.html.erb within layouts/application
  Rendered projetos/_form.html.erb (4.8ms)
  Rendered projetos/new.html.erb within layouts/application (6.4ms)
Completed 200 OK in 39ms (Views: 37.6ms | ActiveRecord: 0.0ms)


Started POST "/projetos" for ::1 at 2019-04-25 21:35:43 -0300
Processing by ProjetosController#create as HTML
  Parameters: {"utf8"=>"✓", "authenticity_token"=>"rrom5XPPLg+rYviF5U9QhRkL8sIfXFUgH1BsnTZdDxqpoeg73QW3HuijpHIraIDu+gU+MDDHrC8TNH6mXUuoVQ==", "projeto"=>{"nomeProjeto"=>"Blablabla", "inicio"=>"6", "termino"=>"12", "resumo"=>"ssdoshidoasiodhas"}, "commit"=>"Create Projeto"}
  [1m[35m (0.1ms)[0m  [1m[36mbegin transaction[0m
  ↳ app/controllers/projetos_controller.rb:30
  [1m[36mProjeto Create (0.4ms)[0m  [1m[32mINSERT INTO "projetos" ("nomeProjeto", "inicio", "termino", "resumo", "created_at", "updated_at") VALUES (?, ?, ?, ?, ?, ?)[0m  [["nomeProjeto", "Blablabla"], ["inicio", 6], ["termino", 12], ["resumo", "ssdoshidoasiodhas"], ["created_at", "2019-04-26 00:35:43.757350"], ["updated_at", "2019-04-26 00:35:43.757350"]]
  ↳ app/controllers/projetos_controller.rb:30
  [1m[35m (100.5ms)[0m  [1m[36mcommit transaction[0m
  ↳ app/controllers/projetos_controller.rb:30
Redirected to http://localhost:3000/projetos/1
Completed 302 Found in 111ms (ActiveRecord: 101.0ms)


Started GET "/projetos/1" for ::1 at 2019-04-25 21:35:43 -0300
Processing by ProjetosController#show as HTML
  Parameters: {"id"=>"1"}
  [1m[36mProjeto Load (0.3ms)[0m  [1m[34mSELECT  "projetos".* FROM "projetos" WHERE "projetos"."id" = ? LIMIT ?[0m  [["id", 1], ["LIMIT", 1]]
  ↳ app/controllers/projetos_controller.rb:67
  Rendering projetos/show.html.erb within layouts/application
  Rendered projetos/show.html.erb within layouts/application (0.8ms)
Completed 200 OK in 32ms (Views: 28.3ms | ActiveRecord: 0.3ms)


Started GET "/projetos" for ::1 at 2019-04-25 21:35:46 -0300
Processing by ProjetosController#index as HTML
  Rendering projetos/index.html.erb within layouts/application
  [1m[36mProjeto Load (0.2ms)[0m  [1m[34mSELECT "projetos".* FROM "projetos"[0m
  ↳ app/views/projetos/index.html.erb:17
  Rendered projetos/index.html.erb within layouts/application (2.9ms)
Completed 200 OK in 41ms (Views: 39.4ms | ActiveRecord: 0.2ms)


Started GET "/projetos/1" for ::1 at 2019-04-25 21:35:49 -0300
Processing by ProjetosController#show as HTML
  Parameters: {"id"=>"1"}
  [1m[36mProjeto Load (0.2ms)[0m  [1m[34mSELECT  "projetos".* FROM "projetos" WHERE "projetos"."id" = ? LIMIT ?[0m  [["id", 1], ["LIMIT", 1]]
  ↳ app/controllers/projetos_controller.rb:67
  Rendering projetos/show.html.erb within layouts/application
  Rendered projetos/show.html.erb within layouts/application (0.9ms)
Completed 200 OK in 38ms (Views: 34.9ms | ActiveRecord: 0.2ms)


Started GET "/alunos/new" for ::1 at 2019-04-25 21:35:54 -0300
Processing by AlunosController#new as HTML
  Rendering alunos/new.html.erb within layouts/application
  [1m[36mProjeto Load (0.1ms)[0m  [1m[34mSELECT "projetos".* FROM "projetos"[0m
  ↳ app/views/alunos/_form.html.erb:38
  Rendered alunos/_form.html.erb (331.6ms)
  Rendered alunos/new.html.erb within layouts/application (333.0ms)
Completed 500 Internal Server Error in 348ms (ActiveRecord: 0.7ms)


  
ActionView::Template::Error (undefined method `check_box_projeto' for #<#<Class:0x0000557f22900f00>:0x00007fd82ea8a170>):
    37: 
    38:   <% @projetos.each do |projeto| %>
    39:     <div>
    40:     <%= check_box_projeto "aluno[projeto_ids][]", projeto.id, aluno.projetos.include?(projeto) %>
    41:     <%= projeto.nomeProjeto %>
    42:     </div>
    43:   <% end %>
  
app/views/alunos/_form.html.erb:40:in `block (2 levels) in _app_views_alunos__form_html_erb___2460579689192633551_70283236258160'
app/views/alunos/_form.html.erb:38:in `block in _app_views_alunos__form_html_erb___2460579689192633551_70283236258160'
app/views/alunos/_form.html.erb:1:in `_app_views_alunos__form_html_erb___2460579689192633551_70283236258160'
app/views/alunos/new.html.erb:3:in `_app_views_alunos_new_html_erb___288516888079199602_70283236234600'
Started GET "/projetos" for ::1 at 2019-04-25 21:37:25 -0300
Processing by ProjetosController#index as HTML
  Rendering projetos/index.html.erb within layouts/application
  [1m[36mProjeto Load (0.1ms)[0m  [1m[34mSELECT "projetos".* FROM "projetos"[0m
  ↳ app/views/projetos/index.html.erb:17
  Rendered projetos/index.html.erb within layouts/application (4.3ms)
Completed 200 OK in 66ms (Views: 63.8ms | ActiveRecord: 0.1ms)


Started GET "/alunos" for ::1 at 2019-04-25 21:37:54 -0300
  [1m[35m (0.1ms)[0m  [1m[34mSELECT "schema_migrations"."version" FROM "schema_migrations" ORDER BY "schema_migrations"."version" ASC[0m
  ↳ /usr/lib/ruby/gems/2.6.0/gems/web-console-3.7.0/lib/web_console/middleware.rb:135
Processing by AlunosController#index as HTML
  Rendering alunos/index.html.erb within layouts/application
  [1m[36mAluno Load (0.2ms)[0m  [1m[34mSELECT "alunos".* FROM "alunos"[0m
  ↳ app/views/alunos/index.html.erb:17
  Rendered alunos/index.html.erb within layouts/application (2.8ms)
Completed 200 OK in 1466ms (Views: 1449.3ms | ActiveRecord: 0.5ms)


Started GET "/alunos/new" for ::1 at 2019-04-25 21:37:57 -0300
Processing by AlunosController#new as HTML
  Rendering alunos/new.html.erb within layouts/application
  [1m[36mProjeto Load (0.3ms)[0m  [1m[34mSELECT "projetos".* FROM "projetos"[0m
  ↳ app/views/alunos/_form.html.erb:38
  Rendered alunos/_form.html.erb (26.1ms)
  Rendered alunos/new.html.erb within layouts/application (27.5ms)
Completed 200 OK in 76ms (Views: 59.8ms | ActiveRecord: 1.8ms)


Started GET "/alunos/new" for ::1 at 2019-04-25 21:38:21 -0300
Processing by AlunosController#new as HTML
  Rendering alunos/new.html.erb within layouts/application
  [1m[36mProjeto Load (0.1ms)[0m  [1m[34mSELECT "projetos".* FROM "projetos"[0m
  ↳ app/views/alunos/_form.html.erb:38
  Rendered alunos/_form.html.erb (6.6ms)
  Rendered alunos/new.html.erb within layouts/application (8.1ms)
Completed 200 OK in 70ms (Views: 68.3ms | ActiveRecord: 0.1ms)


Started POST "/alunos" for ::1 at 2019-04-25 21:39:03 -0300
Processing by AlunosController#create as HTML
  Parameters: {"utf8"=>"✓", "authenticity_token"=>"OUSu3b27wuauVf96J/fqcGsRi5vx5Pcooo31QZvOjuQXKLkmK1uInZGflpW/xwwiJh8yT8kSTO7FRwV2JVTHsA==", "aluno"=>{"idAluno"=>"", "nome"=>"Alfonses", "categoria"=>"GRADUACAO", "curso"=>"Ciencia da Computacao", "projeto_ids"=>["1"]}, "commit"=>"Create Aluno"}
Unpermitted parameter: :projeto_ids
  [1m[35m (0.1ms)[0m  [1m[36mbegin transaction[0m
  ↳ app/controllers/alunos_controller.rb:39
  [1m[36mAluno Create (0.3ms)[0m  [1m[32mINSERT INTO "alunos" ("idAluno", "nome", "categoria", "curso", "created_at", "updated_at") VALUES (?, ?, ?, ?, ?, ?)[0m  [["idAluno", ""], ["nome", "Alfonses"], ["categoria", "GRADUACAO"], ["curso", "Ciencia da Computacao"], ["created_at", "2019-04-26 00:39:03.086645"], ["updated_at", "2019-04-26 00:39:03.086645"]]
  ↳ app/controllers/alunos_controller.rb:39
  [1m[35m (139.3ms)[0m  [1m[36mcommit transaction[0m
  ↳ app/controllers/alunos_controller.rb:39
Redirected to http://localhost:3000/alunos/1
Completed 302 Found in 149ms (ActiveRecord: 139.8ms)


Started GET "/alunos/1" for ::1 at 2019-04-25 21:39:03 -0300
Processing by AlunosController#show as HTML
  Parameters: {"id"=>"1"}
  [1m[36mAluno Load (0.2ms)[0m  [1m[34mSELECT  "alunos".* FROM "alunos" WHERE "alunos"."id" = ? LIMIT ?[0m  [["id", 1], ["LIMIT", 1]]
  ↳ app/controllers/alunos_controller.rb:79
  [1m[36mCACHE Aluno Load (0.0ms)[0m  [1m[34mSELECT  "alunos".* FROM "alunos" WHERE "alunos"."id" = ? LIMIT ?[0m  [["id", 1], ["LIMIT", 1]]
  ↳ app/controllers/alunos_controller.rb:14
  Rendering alunos/show.html.erb within layouts/application
  [1m[36mProjeto Load (0.3ms)[0m  [1m[34mSELECT "projetos".* FROM "projetos" INNER JOIN "alunos_projetos" ON "projetos"."id" = "alunos_projetos"."projeto_id" WHERE "alunos_projetos"."aluno_id" = ?[0m  [["aluno_id", 1]]
  ↳ app/views/alunos/show.html.erb:23
  Rendered alunos/show.html.erb within layouts/application (21.2ms)
Completed 200 OK in 58ms (Views: 52.9ms | ActiveRecord: 0.6ms)


Started GET "/alunos" for ::1 at 2019-04-25 21:39:06 -0300
Processing by AlunosController#index as HTML
  Rendering alunos/index.html.erb within layouts/application
  [1m[36mAluno Load (0.3ms)[0m  [1m[34mSELECT "alunos".* FROM "alunos"[0m
  ↳ app/views/alunos/index.html.erb:17
  Rendered alunos/index.html.erb within layouts/application (3.0ms)
Completed 200 OK in 42ms (Views: 40.0ms | ActiveRecord: 0.3ms)


Started GET "/alunos/1" for ::1 at 2019-04-25 21:39:09 -0300
Processing by AlunosController#show as HTML
  Parameters: {"id"=>"1"}
  [1m[36mAluno Load (0.1ms)[0m  [1m[34mSELECT  "alunos".* FROM "alunos" WHERE "alunos"."id" = ? LIMIT ?[0m  [["id", 1], ["LIMIT", 1]]
  ↳ app/controllers/alunos_controller.rb:79
  [1m[36mCACHE Aluno Load (0.0ms)[0m  [1m[34mSELECT  "alunos".* FROM "alunos" WHERE "alunos"."id" = ? LIMIT ?[0m  [["id", 1], ["LIMIT", 1]]
  ↳ app/controllers/alunos_controller.rb:14
  Rendering alunos/show.html.erb within layouts/application
  [1m[36mProjeto Load (0.2ms)[0m  [1m[34mSELECT "projetos".* FROM "projetos" INNER JOIN "alunos_projetos" ON "projetos"."id" = "alunos_projetos"."projeto_id" WHERE "alunos_projetos"."aluno_id" = ?[0m  [["aluno_id", 1]]
  ↳ app/views/alunos/show.html.erb:23
  Rendered alunos/show.html.erb within layouts/application (2.4ms)
Completed 200 OK in 38ms (Views: 35.0ms | ActiveRecord: 0.3ms)


Started GET "/projetos/1" for ::1 at 2019-04-25 21:39:16 -0300
Processing by ProjetosController#show as HTML
  Parameters: {"id"=>"1"}
  [1m[36mProjeto Load (0.4ms)[0m  [1m[34mSELECT  "projetos".* FROM "projetos" WHERE "projetos"."id" = ? LIMIT ?[0m  [["id", 1], ["LIMIT", 1]]
  ↳ app/controllers/projetos_controller.rb:67
  Rendering projetos/show.html.erb within layouts/application
  Rendered projetos/show.html.erb within layouts/application (1.4ms)
Completed 200 OK in 39ms (Views: 34.6ms | ActiveRecord: 0.4ms)


Started GET "/alunos/1" for ::1 at 2019-04-25 21:39:23 -0300
Processing by AlunosController#show as HTML
  Parameters: {"id"=>"1"}
  [1m[36mAluno Load (0.2ms)[0m  [1m[34mSELECT  "alunos".* FROM "alunos" WHERE "alunos"."id" = ? LIMIT ?[0m  [["id", 1], ["LIMIT", 1]]
  ↳ app/controllers/alunos_controller.rb:79
  [1m[36mCACHE Aluno Load (0.0ms)[0m  [1m[34mSELECT  "alunos".* FROM "alunos" WHERE "alunos"."id" = ? LIMIT ?[0m  [["id", 1], ["LIMIT", 1]]
  ↳ app/controllers/alunos_controller.rb:14
  Rendering alunos/show.html.erb within layouts/application
  [1m[36mProjeto Load (0.2ms)[0m  [1m[34mSELECT "projetos".* FROM "projetos" INNER JOIN "alunos_projetos" ON "projetos"."id" = "alunos_projetos"."projeto_id" WHERE "alunos_projetos"."aluno_id" = ?[0m  [["aluno_id", 1]]
  ↳ app/views/alunos/show.html.erb:23
  Rendered alunos/show.html.erb within layouts/application (4.0ms)
Completed 200 OK in 45ms (Views: 39.9ms | ActiveRecord: 0.5ms)


Started GET "/alunos/1/edit" for ::1 at 2019-04-25 21:39:26 -0300
Processing by AlunosController#edit as HTML
  Parameters: {"id"=>"1"}
  [1m[36mAluno Load (0.2ms)[0m  [1m[34mSELECT  "alunos".* FROM "alunos" WHERE "alunos"."id" = ? LIMIT ?[0m  [["id", 1], ["LIMIT", 1]]
  ↳ app/controllers/alunos_controller.rb:79
  Rendering alunos/edit.html.erb within layouts/application
  Rendered alunos/_form.html.erb (5.6ms)
  Rendered alunos/edit.html.erb within layouts/application (7.2ms)
Completed 500 Internal Server Error in 12ms (ActiveRecord: 0.2ms)


  
ActionView::Template::Error (undefined method `each' for nil:NilClass):
    35:     <%= form.submit %>
    36:   </div>
    37: 
    38:   <% @projetos.each do |projeto| %>
    39:     <div>
    40:     <%= check_box_tag "aluno[projeto_ids][]", projeto.id, aluno.projetos.include?(projeto) %>
    41:     <%= projeto.nomeProjeto %>
  
app/views/alunos/_form.html.erb:38:in `block in _app_views_alunos__form_html_erb__2421380584119231849_70003258929880'
app/views/alunos/_form.html.erb:1:in `_app_views_alunos__form_html_erb__2421380584119231849_70003258929880'
app/views/alunos/edit.html.erb:3:in `_app_views_alunos_edit_html_erb___2448174958603389342_70003258905020'
Started GET "/alunos/1/edit" for ::1 at 2019-04-25 21:41:56 -0300
  [1m[35m (0.1ms)[0m  [1m[34mSELECT "schema_migrations"."version" FROM "schema_migrations" ORDER BY "schema_migrations"."version" ASC[0m
  ↳ /usr/lib/ruby/gems/2.6.0/gems/web-console-3.7.0/lib/web_console/middleware.rb:135
Processing by AlunosController#edit as HTML
  Parameters: {"id"=>"1"}
  [1m[36mAluno Load (0.1ms)[0m  [1m[34mSELECT  "alunos".* FROM "alunos" WHERE "alunos"."id" = ? LIMIT ?[0m  [["id", 1], ["LIMIT", 1]]
  ↳ app/controllers/alunos_controller.rb:81
  Rendering alunos/edit.html.erb within layouts/application
  [1m[36mProjeto Load (0.2ms)[0m  [1m[34mSELECT "projetos".* FROM "projetos"[0m
  ↳ app/views/alunos/_form.html.erb:38
  [1m[36mProjeto Exists (0.2ms)[0m  [1m[34mSELECT  1 AS one FROM "projetos" INNER JOIN "alunos_projetos" ON "projetos"."id" = "alunos_projetos"."projeto_id" WHERE "alunos_projetos"."aluno_id" = ? AND "projetos"."id" = ? LIMIT ?[0m  [["aluno_id", 1], ["id", 1], ["LIMIT", 1]]
  ↳ app/views/alunos/_form.html.erb:40
  Rendered alunos/_form.html.erb (22.5ms)
  Rendered alunos/edit.html.erb within layouts/application (24.7ms)
Completed 200 OK in 1495ms (Views: 1468.5ms | ActiveRecord: 1.9ms)


Started PATCH "/alunos/1" for ::1 at 2019-04-25 21:42:03 -0300
Processing by AlunosController#update as HTML
  Parameters: {"utf8"=>"✓", "authenticity_token"=>"ReCey1dmy74lp4hTRCCfKQfjIf0YwdVy7E3dH07mDbd5swkJMsOAfHobpzvolmnegd+T3eR3CRmlaykAseTvTw==", "aluno"=>{"idAluno"=>"", "nome"=>"Alfonses", "categoria"=>"GRADUACAO", "curso"=>"Ciencia da Computacao", "projeto_ids"=>["1"]}, "commit"=>"Update Aluno", "id"=>"1"}
  [1m[36mAluno Load (0.2ms)[0m  [1m[34mSELECT  "alunos".* FROM "alunos" WHERE "alunos"."id" = ? LIMIT ?[0m  [["id", 1], ["LIMIT", 1]]
  ↳ app/controllers/alunos_controller.rb:81
  [1m[36mCACHE Aluno Load (0.0ms)[0m  [1m[34mSELECT  "alunos".* FROM "alunos" WHERE "alunos"."id" = ? LIMIT ?[0m  [["id", 1], ["LIMIT", 1]]
  ↳ app/controllers/alunos_controller.rb:55
Unpermitted parameter: :projeto_ids
  [1m[35m (0.1ms)[0m  [1m[36mbegin transaction[0m
  ↳ app/controllers/alunos_controller.rb:58
  [1m[35m (0.1ms)[0m  [1m[36mcommit transaction[0m
  ↳ app/controllers/alunos_controller.rb:58
Redirected to http://localhost:3000/alunos/1
Completed 302 Found in 7ms (ActiveRecord: 0.4ms)


Started GET "/alunos/1" for ::1 at 2019-04-25 21:42:03 -0300
Processing by AlunosController#show as HTML
  Parameters: {"id"=>"1"}
  [1m[36mAluno Load (0.1ms)[0m  [1m[34mSELECT  "alunos".* FROM "alunos" WHERE "alunos"."id" = ? LIMIT ?[0m  [["id", 1], ["LIMIT", 1]]
  ↳ app/controllers/alunos_controller.rb:81
  [1m[36mCACHE Aluno Load (0.0ms)[0m  [1m[34mSELECT  "alunos".* FROM "alunos" WHERE "alunos"."id" = ? LIMIT ?[0m  [["id", 1], ["LIMIT", 1]]
  ↳ app/controllers/alunos_controller.rb:14
  Rendering alunos/show.html.erb within layouts/application
  [1m[36mProjeto Load (0.2ms)[0m  [1m[34mSELECT "projetos".* FROM "projetos" INNER JOIN "alunos_projetos" ON "projetos"."id" = "alunos_projetos"."projeto_id" WHERE "alunos_projetos"."aluno_id" = ?[0m  [["aluno_id", 1]]
  ↳ app/views/alunos/show.html.erb:23
  Rendered alunos/show.html.erb within layouts/application (3.3ms)
Completed 200 OK in 39ms (Views: 36.2ms | ActiveRecord: 0.4ms)


Started GET "/alunos/1/edit" for ::1 at 2019-04-25 21:42:06 -0300
Processing by AlunosController#edit as HTML
  Parameters: {"id"=>"1"}
  [1m[36mAluno Load (0.2ms)[0m  [1m[34mSELECT  "alunos".* FROM "alunos" WHERE "alunos"."id" = ? LIMIT ?[0m  [["id", 1], ["LIMIT", 1]]
  ↳ app/controllers/alunos_controller.rb:81
  Rendering alunos/edit.html.erb within layouts/application
  [1m[36mProjeto Load (0.2ms)[0m  [1m[34mSELECT "projetos".* FROM "projetos"[0m
  ↳ app/views/alunos/_form.html.erb:38
  [1m[36mProjeto Exists (0.2ms)[0m  [1m[34mSELECT  1 AS one FROM "projetos" INNER JOIN "alunos_projetos" ON "projetos"."id" = "alunos_projetos"."projeto_id" WHERE "alunos_projetos"."aluno_id" = ? AND "projetos"."id" = ? LIMIT ?[0m  [["aluno_id", 1], ["id", 1], ["LIMIT", 1]]
  ↳ app/views/alunos/_form.html.erb:40
  Rendered alunos/_form.html.erb (6.2ms)
  Rendered alunos/edit.html.erb within layouts/application (7.9ms)
Completed 200 OK in 61ms (Views: 57.3ms | ActiveRecord: 0.6ms)


Started GET "/alunos" for ::1 at 2019-04-25 21:42:08 -0300
Processing by AlunosController#index as HTML
  Rendering alunos/index.html.erb within layouts/application
  [1m[36mAluno Load (0.3ms)[0m  [1m[34mSELECT "alunos".* FROM "alunos"[0m
  ↳ app/views/alunos/index.html.erb:17
  Rendered alunos/index.html.erb within layouts/application (2.5ms)
Completed 200 OK in 33ms (Views: 31.7ms | ActiveRecord: 0.3ms)


Started GET "/alunos/1/edit" for ::1 at 2019-04-25 21:42:11 -0300
Processing by AlunosController#edit as HTML
  Parameters: {"id"=>"1"}
  [1m[36mAluno Load (0.2ms)[0m  [1m[34mSELECT  "alunos".* FROM "alunos" WHERE "alunos"."id" = ? LIMIT ?[0m  [["id", 1], ["LIMIT", 1]]
  ↳ app/controllers/alunos_controller.rb:81
  Rendering alunos/edit.html.erb within layouts/application
  [1m[36mProjeto Load (0.2ms)[0m  [1m[34mSELECT "projetos".* FROM "projetos"[0m
  ↳ app/views/alunos/_form.html.erb:38
  [1m[36mProjeto Exists (0.3ms)[0m  [1m[34mSELECT  1 AS one FROM "projetos" INNER JOIN "alunos_projetos" ON "projetos"."id" = "alunos_projetos"."projeto_id" WHERE "alunos_projetos"."aluno_id" = ? AND "projetos"."id" = ? LIMIT ?[0m  [["aluno_id", 1], ["id", 1], ["LIMIT", 1]]
  ↳ app/views/alunos/_form.html.erb:40
  Rendered alunos/_form.html.erb (8.4ms)
  Rendered alunos/edit.html.erb within layouts/application (10.5ms)
Completed 200 OK in 44ms (Views: 41.1ms | ActiveRecord: 0.7ms)


Started GET "/alunos/1" for ::1 at 2019-04-25 21:42:13 -0300
Processing by AlunosController#show as HTML
  Parameters: {"id"=>"1"}
  [1m[36mAluno Load (0.3ms)[0m  [1m[34mSELECT  "alunos".* FROM "alunos" WHERE "alunos"."id" = ? LIMIT ?[0m  [["id", 1], ["LIMIT", 1]]
  ↳ app/controllers/alunos_controller.rb:81
  [1m[36mCACHE Aluno Load (0.0ms)[0m  [1m[34mSELECT  "alunos".* FROM "alunos" WHERE "alunos"."id" = ? LIMIT ?[0m  [["id", 1], ["LIMIT", 1]]
  ↳ app/controllers/alunos_controller.rb:14
  Rendering alunos/show.html.erb within layouts/application
  [1m[36mProjeto Load (0.2ms)[0m  [1m[34mSELECT "projetos".* FROM "projetos" INNER JOIN "alunos_projetos" ON "projetos"."id" = "alunos_projetos"."projeto_id" WHERE "alunos_projetos"."aluno_id" = ?[0m  [["aluno_id", 1]]
  ↳ app/views/alunos/show.html.erb:23
  Rendered alunos/show.html.erb within layouts/application (2.8ms)
Completed 200 OK in 47ms (Views: 42.1ms | ActiveRecord: 0.5ms)


Started GET "/alunos/new" for ::1 at 2019-04-25 21:42:20 -0300
Processing by AlunosController#new as HTML
  Rendering alunos/new.html.erb within layouts/application
  [1m[36mProjeto Load (0.1ms)[0m  [1m[34mSELECT "projetos".* FROM "projetos"[0m
  ↳ app/views/alunos/_form.html.erb:38
  Rendered alunos/_form.html.erb (6.1ms)
  Rendered alunos/new.html.erb within layouts/application (7.6ms)
Completed 200 OK in 43ms (Views: 41.6ms | ActiveRecord: 0.1ms)


Started POST "/alunos" for ::1 at 2019-04-25 21:42:27 -0300
Processing by AlunosController#create as HTML
  Parameters: {"utf8"=>"✓", "authenticity_token"=>"KgbdPCJ6vGhQ1F5XNMS9j3ydbqpGgZerDaC5s/DwPxkEasrHtJr2E28eN7is9FvdMZPXfn53LG1qakmETmp2TQ==", "aluno"=>{"idAluno"=>"112", "nome"=>"adsdasd", "categoria"=>"asdasdas", "curso"=>"dasdasdas", "projeto_ids"=>["1"]}, "commit"=>"Create Aluno"}
Unpermitted parameter: :projeto_ids
  [1m[35m (0.2ms)[0m  [1m[36mbegin transaction[0m
  ↳ app/controllers/alunos_controller.rb:41
  [1m[36mAluno Create (0.4ms)[0m  [1m[32mINSERT INTO "alunos" ("idAluno", "nome", "categoria", "curso", "created_at", "updated_at") VALUES (?, ?, ?, ?, ?, ?)[0m  [["idAluno", "112"], ["nome", "adsdasd"], ["categoria", "asdasdas"], ["curso", "dasdasdas"], ["created_at", "2019-04-26 00:42:27.963029"], ["updated_at", "2019-04-26 00:42:27.963029"]]
  ↳ app/controllers/alunos_controller.rb:41
  [1m[35m (131.3ms)[0m  [1m[36mcommit transaction[0m
  ↳ app/controllers/alunos_controller.rb:41
Redirected to http://localhost:3000/alunos/2
Completed 302 Found in 139ms (ActiveRecord: 131.8ms)


Started GET "/alunos/2" for ::1 at 2019-04-25 21:42:28 -0300
Processing by AlunosController#show as HTML
  Parameters: {"id"=>"2"}
  [1m[36mAluno Load (0.2ms)[0m  [1m[34mSELECT  "alunos".* FROM "alunos" WHERE "alunos"."id" = ? LIMIT ?[0m  [["id", 2], ["LIMIT", 1]]
  ↳ app/controllers/alunos_controller.rb:81
  [1m[36mCACHE Aluno Load (0.0ms)[0m  [1m[34mSELECT  "alunos".* FROM "alunos" WHERE "alunos"."id" = ? LIMIT ?[0m  [["id", 2], ["LIMIT", 1]]
  ↳ app/controllers/alunos_controller.rb:14
  Rendering alunos/show.html.erb within layouts/application
  [1m[36mProjeto Load (0.1ms)[0m  [1m[34mSELECT "projetos".* FROM "projetos" INNER JOIN "alunos_projetos" ON "projetos"."id" = "alunos_projetos"."projeto_id" WHERE "alunos_projetos"."aluno_id" = ?[0m  [["aluno_id", 2]]
  ↳ app/views/alunos/show.html.erb:23
  Rendered alunos/show.html.erb within layouts/application (3.0ms)
Completed 200 OK in 40ms (Views: 36.5ms | ActiveRecord: 0.4ms)


Started GET "/projetos/1" for ::1 at 2019-04-25 21:42:31 -0300
Processing by ProjetosController#show as HTML
  Parameters: {"id"=>"1"}
  [1m[36mProjeto Load (0.2ms)[0m  [1m[34mSELECT  "projetos".* FROM "projetos" WHERE "projetos"."id" = ? LIMIT ?[0m  [["id", 1], ["LIMIT", 1]]
  ↳ app/controllers/projetos_controller.rb:67
  Rendering projetos/show.html.erb within layouts/application
  Rendered projetos/show.html.erb within layouts/application (0.9ms)
Completed 200 OK in 31ms (Views: 28.9ms | ActiveRecord: 0.2ms)


Started GET "/projetos" for ::1 at 2019-04-25 21:42:33 -0300
Processing by ProjetosController#index as HTML
  Rendering projetos/index.html.erb within layouts/application
  [1m[36mProjeto Load (0.2ms)[0m  [1m[34mSELECT "projetos".* FROM "projetos"[0m
  ↳ app/views/projetos/index.html.erb:17
  Rendered projetos/index.html.erb within layouts/application (3.7ms)
Completed 200 OK in 37ms (Views: 34.9ms | ActiveRecord: 0.2ms)


Started GET "/projetos/1" for ::1 at 2019-04-25 21:42:35 -0300
Processing by ProjetosController#show as HTML
  Parameters: {"id"=>"1"}
  [1m[36mProjeto Load (0.2ms)[0m  [1m[34mSELECT  "projetos".* FROM "projetos" WHERE "projetos"."id" = ? LIMIT ?[0m  [["id", 1], ["LIMIT", 1]]
  ↳ app/controllers/projetos_controller.rb:67
  Rendering projetos/show.html.erb within layouts/application
  Rendered projetos/show.html.erb within layouts/application (1.7ms)
Completed 200 OK in 63ms (Views: 59.8ms | ActiveRecord: 0.2ms)


Started GET "/projetos/1" for ::1 at 2019-04-25 21:42:38 -0300
Processing by ProjetosController#show as HTML
  Parameters: {"id"=>"1"}
  [1m[36mProjeto Load (0.2ms)[0m  [1m[34mSELECT  "projetos".* FROM "projetos" WHERE "projetos"."id" = ? LIMIT ?[0m  [["id", 1], ["LIMIT", 1]]
  ↳ app/controllers/projetos_controller.rb:67
  Rendering projetos/show.html.erb within layouts/application
  Rendered projetos/show.html.erb within layouts/application (1.3ms)
Completed 200 OK in 37ms (Views: 34.4ms | ActiveRecord: 0.2ms)


Started DELETE "/projetos/1" for ::1 at 2019-04-25 21:42:41 -0300
Processing by ProjetosController#destroy as HTML
  Parameters: {"authenticity_token"=>"iSbw2CsbdJCcrJygpj0teW4H0fJQfBl1W5Wdl+vHUs61dWcaTr4/UsMQs8gKi9uO6Dtj0qzKxR4Ss2mIFMWwNg==", "id"=>"1"}
  [1m[36mProjeto Load (0.2ms)[0m  [1m[34mSELECT  "projetos".* FROM "projetos" WHERE "projetos"."id" = ? LIMIT ?[0m  [["id", 1], ["LIMIT", 1]]
  ↳ app/controllers/projetos_controller.rb:67
  [1m[35m (0.1ms)[0m  [1m[36mbegin transaction[0m
  ↳ app/controllers/projetos_controller.rb:57
  [1m[36mProjeto::HABTM_Alunos Destroy (0.1ms)[0m  [1m[31mDELETE FROM "alunos_projetos" WHERE "alunos_projetos"."projeto_id" = ?[0m  [["projeto_id", 1]]
  ↳ app/controllers/projetos_controller.rb:57
  [1m[36mProjeto Destroy (0.3ms)[0m  [1m[31mDELETE FROM "projetos" WHERE "projetos"."id" = ?[0m  [["id", 1]]
  ↳ app/controllers/projetos_controller.rb:57
  [1m[35m (118.6ms)[0m  [1m[36mcommit transaction[0m
  ↳ app/controllers/projetos_controller.rb:57
Redirected to http://localhost:3000/projetos
Completed 302 Found in 131ms (ActiveRecord: 119.8ms)


Started GET "/projetos" for ::1 at 2019-04-25 21:42:41 -0300
Processing by ProjetosController#index as HTML
  Rendering projetos/index.html.erb within layouts/application
  [1m[36mProjeto Load (0.1ms)[0m  [1m[34mSELECT "projetos".* FROM "projetos"[0m
  ↳ app/views/projetos/index.html.erb:17
  Rendered projetos/index.html.erb within layouts/application (2.1ms)
Completed 200 OK in 39ms (Views: 37.9ms | ActiveRecord: 0.1ms)


Started GET "/alunos" for ::1 at 2019-04-25 21:42:49 -0300
Processing by AlunosController#index as HTML
  Rendering alunos/index.html.erb within layouts/application
  [1m[36mAluno Load (0.2ms)[0m  [1m[34mSELECT "alunos".* FROM "alunos"[0m
  ↳ app/views/alunos/index.html.erb:17
  Rendered alunos/index.html.erb within layouts/application (3.1ms)
Completed 200 OK in 40ms (Views: 38.5ms | ActiveRecord: 0.2ms)


Started DELETE "/alunos/2" for ::1 at 2019-04-25 21:42:53 -0300
Processing by AlunosController#destroy as HTML
  Parameters: {"authenticity_token"=>"tVxAaG4496AVIx/luCD85SaTsEKOWUFG9olq+9I+SJ2JD9eqC528YkqfMI0UlgoSoK8CYnLvnS2/r57kLTyqZQ==", "id"=>"2"}
  [1m[36mAluno Load (0.1ms)[0m  [1m[34mSELECT  "alunos".* FROM "alunos" WHERE "alunos"."id" = ? LIMIT ?[0m  [["id", 2], ["LIMIT", 1]]
  ↳ app/controllers/alunos_controller.rb:81
  [1m[35m (0.1ms)[0m  [1m[36mbegin transaction[0m
  ↳ app/controllers/alunos_controller.rb:71
  [1m[36mAluno::HABTM_Projetos Destroy (0.1ms)[0m  [1m[31mDELETE FROM "alunos_projetos" WHERE "alunos_projetos"."aluno_id" = ?[0m  [["aluno_id", 2]]
  ↳ app/controllers/alunos_controller.rb:71
  [1m[36mAluno Destroy (0.4ms)[0m  [1m[31mDELETE FROM "alunos" WHERE "alunos"."id" = ?[0m  [["id", 2]]
  ↳ app/controllers/alunos_controller.rb:71
  [1m[35m (113.7ms)[0m  [1m[36mcommit transaction[0m
  ↳ app/controllers/alunos_controller.rb:71
Redirected to http://localhost:3000/alunos
Completed 302 Found in 121ms (ActiveRecord: 114.5ms)


Started GET "/alunos" for ::1 at 2019-04-25 21:42:53 -0300
Processing by AlunosController#index as HTML
  Rendering alunos/index.html.erb within layouts/application
  [1m[36mAluno Load (0.2ms)[0m  [1m[34mSELECT "alunos".* FROM "alunos"[0m
  ↳ app/views/alunos/index.html.erb:17
  Rendered alunos/index.html.erb within layouts/application (2.4ms)
Completed 200 OK in 37ms (Views: 35.4ms | ActiveRecord: 0.2ms)


Started DELETE "/alunos/1" for ::1 at 2019-04-25 21:42:55 -0300
Processing by AlunosController#destroy as HTML
  Parameters: {"authenticity_token"=>"1EzHpebuEC4czw6DSCUnzbyVHBxYFinqpBU7rcWL+OnoH1Bng0tb7ENzIevkk9E6OqmuPKSg9YHtM8+yOokaEQ==", "id"=>"1"}
  [1m[36mAluno Load (0.2ms)[0m  [1m[34mSELECT  "alunos".* FROM "alunos" WHERE "alunos"."id" = ? LIMIT ?[0m  [["id", 1], ["LIMIT", 1]]
  ↳ app/controllers/alunos_controller.rb:81
  [1m[35m (0.1ms)[0m  [1m[36mbegin transaction[0m
  ↳ app/controllers/alunos_controller.rb:71
  [1m[36mAluno::HABTM_Projetos Destroy (0.2ms)[0m  [1m[31mDELETE FROM "alunos_projetos" WHERE "alunos_projetos"."aluno_id" = ?[0m  [["aluno_id", 1]]
  ↳ app/controllers/alunos_controller.rb:71
  [1m[36mAluno Destroy (0.3ms)[0m  [1m[31mDELETE FROM "alunos" WHERE "alunos"."id" = ?[0m  [["id", 1]]
  ↳ app/controllers/alunos_controller.rb:71
  [1m[35m (94.2ms)[0m  [1m[36mcommit transaction[0m
  ↳ app/controllers/alunos_controller.rb:71
Redirected to http://localhost:3000/alunos
Completed 302 Found in 103ms (ActiveRecord: 94.9ms)


Started GET "/alunos" for ::1 at 2019-04-25 21:42:55 -0300
Processing by AlunosController#index as HTML
  Rendering alunos/index.html.erb within layouts/application
  [1m[36mAluno Load (0.1ms)[0m  [1m[34mSELECT "alunos".* FROM "alunos"[0m
  ↳ app/views/alunos/index.html.erb:17
  Rendered alunos/index.html.erb within layouts/application (2.1ms)
Completed 200 OK in 40ms (Views: 38.5ms | ActiveRecord: 0.1ms)


